command: createModelBasisData
         remark     : generated by model.dropPolicy.ModelBurstExchange
         parameter  : ProjectName possibleCounts: 0..1 values: 
         parameter  : ProjectURL possibleCounts: 0..1 values: 
         parameter  : ProjectIconId possibleCounts: 0..1 values: 
         parameter  : ModelName possibleCounts: 1..1 values: dropPolicy, 
         parameter  : ModelAuthor possibleCounts: 1..1 values: Priyank Dhutia, 
         parameter  : ModelDate possibleCounts: 0..1 values: 25.01.2014, 
         parameter  : ModelDescription possibleCounts: 0..1 values: Burst Segmentation - an approach for reducing Packet Loss In Optical Burst Switched Networks.(Segment and Drop Policy), 
         parameter  : ModelRemark possibleCounts: 0..inf values: 
         parameter  : ModelLicense possibleCounts: 0..1 values: 
         parameter  : DesmojVersion possibleCounts: 0..1 values: 2.3.5beta, 
         parameter  : DesmojLicense possibleCounts: 0..1 values: Apache License  Version 2.0, 
         parameter  : DesmojLicenseURL possibleCounts: 0..1 values: http://www.apache.org/licenses/LICENSE-2.0, 
         isInit     : true
         time       : 1388550600000
         isTempleate: false

command: createImage
         remark     : generated by model.dropPolicy.ModelBurstExchange
         parameter  : ImageId possibleCounts: 1..1 values: Burst-active, 
         parameter  : File possibleCounts: 1..1 values: truck4_active.gif, 
         isInit     : true
         time       : 1388550600000
         isTempleate: false

command: createImage
         remark     : generated by model.dropPolicy.ModelBurstExchange
         parameter  : ImageId possibleCounts: 1..1 values: Burst-passive, 
         parameter  : File possibleCounts: 1..1 values: truck4_iddle.gif, 
         isInit     : true
         time       : 1388550600000
         isTempleate: false

command: createImage
         remark     : generated by model.dropPolicy.ModelBurstExchange
         parameter  : ImageId possibleCounts: 1..1 values: Burst-dropped, 
         parameter  : File possibleCounts: 1..1 values: rejected.gif, 
         isInit     : true
         time       : 1388550600000
         isTempleate: false

command: createImage
         remark     : generated by model.dropPolicy.ModelBurstExchange
         parameter  : ImageId possibleCounts: 1..1 values: Burst-deflected, 
         parameter  : File possibleCounts: 1..1 values: deflected.gif, 
         isInit     : true
         time       : 1388550600000
         isTempleate: false

command: createImage
         remark     : generated by model.dropPolicy.ModelBurstExchange
         parameter  : ImageId possibleCounts: 1..1 values: Burst-processing, 
         parameter  : File possibleCounts: 1..1 values: processing.gif, 
         isInit     : true
         time       : 1388550600000
         isTempleate: false

command: createImage
         remark     : generated by model.dropPolicy.ModelBurstExchange
         parameter  : ImageId possibleCounts: 1..1 values: Burst-done, 
         parameter  : File possibleCounts: 1..1 values: done.gif, 
         isInit     : true
         time       : 1388550600000
         isTempleate: false

command: createImage
         remark     : generated by model.dropPolicy.ModelBurstExchange
         parameter  : ImageId possibleCounts: 1..1 values: WL-active, 
         parameter  : File possibleCounts: 1..1 values: processing.gif, 
         isInit     : true
         time       : 1388550600000
         isTempleate: false

command: createImage
         remark     : generated by model.dropPolicy.ModelBurstExchange
         parameter  : ImageId possibleCounts: 1..1 values: WL-passive, 
         parameter  : File possibleCounts: 1..1 values: crane2_iddle.gif, 
         isInit     : true
         time       : 1388550600000
         isTempleate: false

command: createEntityTyp
         remark     : generated by model.dropPolicy.Burst
         parameter  : EntityTypId possibleCounts: 1..1 values: Burst, 
         parameter  : IconWidth possibleCounts: 1..1 values: 32, 
         parameter  : IconHeigth possibleCounts: 1..1 values: 20, 
         parameter  : PossibleState possibleCounts: 1..inf values: active|Burst-active, passive|Burst-passive, fail|Burst-dropped, processing|Burst-processing, done|Burst-done, 
         parameter  : PossibleAttribute possibleCounts: 0..inf values: 
         parameter  : Show possibleCounts: 1..1 values: 3, 
         isInit     : true
         time       : 1388550600000
         isTempleate: false

command: createEntityTyp
         remark     : generated by model.dropPolicy.WaveLength
         parameter  : EntityTypId possibleCounts: 1..1 values: WaveLength, 
         parameter  : IconWidth possibleCounts: 1..1 values: 32, 
         parameter  : IconHeigth possibleCounts: 1..1 values: 20, 
         parameter  : PossibleState possibleCounts: 1..inf values: active|WL-active, passive|WL-passive, 
         parameter  : PossibleAttribute possibleCounts: 0..inf values: 
         parameter  : Show possibleCounts: 1..1 values: 3, 
         isInit     : true
         time       : 1388550600000
         isTempleate: false

command: createBackgroundElement
         remark     : erzeugt von BackgroundElementAnimation
         parameter  : BgElemId possibleCounts: 1..1 values: trial1@0, 
         parameter  : Name possibleCounts: 0..1 values: 
         parameter  : Text possibleCounts: 1..1 values: .|4|20|1, 
         parameter  : TopLeft possibleCounts: 0..1 values: 
         parameter  : BottomRight possibleCounts: 0..1 values: 
         parameter  : Middle possibleCounts: 0..1 values: main|140|140, 
         parameter  : Size possibleCounts: 0..1 values: 840|80, 
         parameter  : Foreground possibleCounts: 0..1 values: 255|0|0, 
         parameter  : Background possibleCounts: 0..1 values: 192|192|192, 
         parameter  : Level possibleCounts: 1..1 values: 0.0, 
         parameter  : ImageId possibleCounts: 0..1 values: 
         isInit     : true
         time       : 1388550600000
         isTempleate: false

command: createBackgroundElement
         remark     : erzeugt von BackgroundElementAnimation
         parameter  : BgElemId possibleCounts: 1..1 values: NODE1-Set of WaveLength@0, 
         parameter  : Name possibleCounts: 0..1 values: 
         parameter  : Text possibleCounts: 1..1 values: IntermediateNodes|0|20|1, 
         parameter  : TopLeft possibleCounts: 0..1 values: 
         parameter  : BottomRight possibleCounts: 0..1 values: 
         parameter  : Middle possibleCounts: 0..1 values: main|140|-140, 
         parameter  : Size possibleCounts: 0..1 values: 840|550, 
         parameter  : Foreground possibleCounts: 0..1 values: 0|0|0, 
         parameter  : Background possibleCounts: 0..1 values: 255|175|175, 
         parameter  : Level possibleCounts: 1..1 values: 1.0, 
         parameter  : ImageId possibleCounts: 0..1 values: 
         isInit     : true
         time       : 1388550600000
         isTempleate: false

command: createList
         remark     : generated by ProcessQueueAnimation and called by dropPolicy
         parameter  : ListId possibleCounts: 1..1 values: InProcessBurst@0, 
         parameter  : Name possibleCounts: 0..1 values: InProcessBurst, 
         parameter  : DefaultEntityType possibleCounts: 1..1 values: Burst, 
         parameter  : NumberOfVisible possibleCounts: 1..1 values: 2, 
         parameter  : Form possibleCounts: 1..1 values: vertikal, 
         parameter  : Point possibleCounts: 1..1 values: main|-130|-150, 
         parameter  : DeltaSize possibleCounts: 0..1 values: -25|10, 
         parameter  : Comment possibleCounts: 0..1 values: 
         isInit     : true
         time       : 1388550600000
         isTempleate: false

command: createList
         remark     : generated by ProcessQueueAnimation and called by dropPolicy
         parameter  : ListId possibleCounts: 1..1 values: InProcessBurst@1, 
         parameter  : Name possibleCounts: 0..1 values: InProcessBurst, 
         parameter  : DefaultEntityType possibleCounts: 1..1 values: Burst, 
         parameter  : NumberOfVisible possibleCounts: 1..1 values: 2, 
         parameter  : Form possibleCounts: 1..1 values: vertikal, 
         parameter  : Point possibleCounts: 1..1 values: main|40|-150, 
         parameter  : DeltaSize possibleCounts: 0..1 values: -25|10, 
         parameter  : Comment possibleCounts: 0..1 values: 
         isInit     : true
         time       : 1388550600000
         isTempleate: false

command: createList
         remark     : generated by ProcessQueueAnimation and called by dropPolicy
         parameter  : ListId possibleCounts: 1..1 values: InProcessBurst@2, 
         parameter  : Name possibleCounts: 0..1 values: InProcessBurst, 
         parameter  : DefaultEntityType possibleCounts: 1..1 values: Burst, 
         parameter  : NumberOfVisible possibleCounts: 1..1 values: 2, 
         parameter  : Form possibleCounts: 1..1 values: vertikal, 
         parameter  : Point possibleCounts: 1..1 values: main|290|-150, 
         parameter  : DeltaSize possibleCounts: 0..1 values: -25|10, 
         parameter  : Comment possibleCounts: 0..1 values: 
         isInit     : true
         time       : 1388550600000
         isTempleate: false

command: createList
         remark     : generated by ProcessQueueAnimation and called by dropPolicy
         parameter  : ListId possibleCounts: 1..1 values: ArrivedBurst@0, 
         parameter  : Name possibleCounts: 0..1 values: ArrivedBurst, 
         parameter  : DefaultEntityType possibleCounts: 1..1 values: Burst, 
         parameter  : NumberOfVisible possibleCounts: 1..1 values: 2, 
         parameter  : Form possibleCounts: 1..1 values: vertikal, 
         parameter  : Point possibleCounts: 1..1 values: main|-210|-150, 
         parameter  : DeltaSize possibleCounts: 0..1 values: -25|10, 
         parameter  : Comment possibleCounts: 0..1 values: 
         isInit     : true
         time       : 1388550600000
         isTempleate: false

command: createList
         remark     : generated by ProcessQueueAnimation and called by dropPolicy
         parameter  : ListId possibleCounts: 1..1 values: ArrivedBurst@1, 
         parameter  : Name possibleCounts: 0..1 values: ArrivedBurst, 
         parameter  : DefaultEntityType possibleCounts: 1..1 values: Burst, 
         parameter  : NumberOfVisible possibleCounts: 1..1 values: 2, 
         parameter  : Form possibleCounts: 1..1 values: vertikal, 
         parameter  : Point possibleCounts: 1..1 values: main|120|-150, 
         parameter  : DeltaSize possibleCounts: 0..1 values: -25|10, 
         parameter  : Comment possibleCounts: 0..1 values: 
         isInit     : true
         time       : 1388550600000
         isTempleate: false

command: createList
         remark     : generated by ProcessQueueAnimation and called by dropPolicy
         parameter  : ListId possibleCounts: 1..1 values: ArrivedBurst@2, 
         parameter  : Name possibleCounts: 0..1 values: ArrivedBurst, 
         parameter  : DefaultEntityType possibleCounts: 1..1 values: Burst, 
         parameter  : NumberOfVisible possibleCounts: 1..1 values: 2, 
         parameter  : Form possibleCounts: 1..1 values: vertikal, 
         parameter  : Point possibleCounts: 1..1 values: main|370|-150, 
         parameter  : DeltaSize possibleCounts: 0..1 values: -25|10, 
         parameter  : Comment possibleCounts: 0..1 values: 
         isInit     : true
         time       : 1388550600000
         isTempleate: false

command: createList
         remark     : generated by ProcessQueueAnimation and called by dropPolicy
         parameter  : ListId possibleCounts: 1..1 values: Deflected Bursts@0, 
         parameter  : Name possibleCounts: 0..1 values: Deflected Bursts, 
         parameter  : DefaultEntityType possibleCounts: 1..1 values: Burst, 
         parameter  : NumberOfVisible possibleCounts: 1..1 values: 3, 
         parameter  : Form possibleCounts: 1..1 values: horizontal, 
         parameter  : Point possibleCounts: 1..1 values: main|80|-49, 
         parameter  : DeltaSize possibleCounts: 0..1 values: 34|-20, 
         parameter  : Comment possibleCounts: 0..1 values: 
         isInit     : true
         time       : 1388550600000
         isTempleate: false

command: createList
         remark     : generated by ProcessQueueAnimation and called by dropPolicy
         parameter  : ListId possibleCounts: 1..1 values: Deflected Bursts@1, 
         parameter  : Name possibleCounts: 0..1 values: Deflected Bursts, 
         parameter  : DefaultEntityType possibleCounts: 1..1 values: Burst, 
         parameter  : NumberOfVisible possibleCounts: 1..1 values: 3, 
         parameter  : Form possibleCounts: 1..1 values: horizontal, 
         parameter  : Point possibleCounts: 1..1 values: main|-170|-49, 
         parameter  : DeltaSize possibleCounts: 0..1 values: 34|-20, 
         parameter  : Comment possibleCounts: 0..1 values: 
         isInit     : true
         time       : 1388550600000
         isTempleate: false

command: createList
         remark     : generated by ProcessQueueAnimation and called by dropPolicy
         parameter  : ListId possibleCounts: 1..1 values: Deflected Bursts@2, 
         parameter  : Name possibleCounts: 0..1 values: Deflected Bursts, 
         parameter  : DefaultEntityType possibleCounts: 1..1 values: Burst, 
         parameter  : NumberOfVisible possibleCounts: 1..1 values: 3, 
         parameter  : Form possibleCounts: 1..1 values: horizontal, 
         parameter  : Point possibleCounts: 1..1 values: main|330|-49, 
         parameter  : DeltaSize possibleCounts: 0..1 values: 34|-20, 
         parameter  : Comment possibleCounts: 0..1 values: 
         isInit     : true
         time       : 1388550600000
         isTempleate: false

command: createList
         remark     : generated by ProcessQueueAnimation and called by dropPolicy
         parameter  : ListId possibleCounts: 1..1 values: IdleWaveLength@0, 
         parameter  : Name possibleCounts: 0..1 values: IdleWaveLength, 
         parameter  : DefaultEntityType possibleCounts: 1..1 values: Burst, 
         parameter  : NumberOfVisible possibleCounts: 1..1 values: 2, 
         parameter  : Form possibleCounts: 1..1 values: vertikal, 
         parameter  : Point possibleCounts: 1..1 values: main|-210|-290, 
         parameter  : DeltaSize possibleCounts: 0..1 values: -25|10, 
         parameter  : Comment possibleCounts: 0..1 values: 
         isInit     : true
         time       : 1388550600000
         isTempleate: false

command: createList
         remark     : generated by ProcessQueueAnimation and called by dropPolicy
         parameter  : ListId possibleCounts: 1..1 values: IdleWaveLength@1, 
         parameter  : Name possibleCounts: 0..1 values: IdleWaveLength, 
         parameter  : DefaultEntityType possibleCounts: 1..1 values: Burst, 
         parameter  : NumberOfVisible possibleCounts: 1..1 values: 2, 
         parameter  : Form possibleCounts: 1..1 values: vertikal, 
         parameter  : Point possibleCounts: 1..1 values: main|120|-290, 
         parameter  : DeltaSize possibleCounts: 0..1 values: -25|10, 
         parameter  : Comment possibleCounts: 0..1 values: 
         isInit     : true
         time       : 1388550600000
         isTempleate: false

command: createList
         remark     : generated by ProcessQueueAnimation and called by dropPolicy
         parameter  : ListId possibleCounts: 1..1 values: IdleWaveLength@2, 
         parameter  : Name possibleCounts: 0..1 values: IdleWaveLength, 
         parameter  : DefaultEntityType possibleCounts: 1..1 values: Burst, 
         parameter  : NumberOfVisible possibleCounts: 1..1 values: 2, 
         parameter  : Form possibleCounts: 1..1 values: vertikal, 
         parameter  : Point possibleCounts: 1..1 values: main|370|-290, 
         parameter  : DeltaSize possibleCounts: 0..1 values: -25|10, 
         parameter  : Comment possibleCounts: 0..1 values: 
         isInit     : true
         time       : 1388550600000
         isTempleate: false

command: createStatistic
         remark     : generated by CountAnimation and called by dropPolicy
         parameter  : StatisticId possibleCounts: 1..1 values: TotalBursts@0, 
         parameter  : Name possibleCounts: 0..1 values: TotalBursts, 
         parameter  : TypeData possibleCounts: 1..1 values: 0, 
         parameter  : TypeIndex possibleCounts: 1..1 values: 2, 
         parameter  : Aggregate possibleCounts: 0..1 values: , 
         parameter  : TimeBounds possibleCounts: 1..1 values: 1388550600000|1000, 
         parameter  : ValueBounds possibleCounts: 1..1 values: 0.0|1.0, 
         parameter  : HistogramCells possibleCounts: 1..1 values: 10, 
         parameter  : Point possibleCounts: 1..1 values: main|160|600, 
         parameter  : TypeAnimation possibleCounts: 1..1 values: 0, 
         parameter  : IsIntValue possibleCounts: 0..1 values: , 
         parameter  : DeltaSize possibleCounts: 0..1 values: 0|0, 
         isInit     : true
         time       : 1388550600000
         isTempleate: false

command: setStatistic
         remark     : generated by CountAnimation and called by dropPolicy
         parameter  : StatisticId possibleCounts: 1..1 values: TotalBursts@0, 
         parameter  : Value possibleCounts: 1..1 values: 0.0, 
         isInit     : true
         time       : 1388550600000
         isTempleate: false

command: createStatistic
         remark     : generated by CountAnimation and called by dropPolicy
         parameter  : StatisticId possibleCounts: 1..1 values: BurstsProcessed@0, 
         parameter  : Name possibleCounts: 0..1 values: BurstsProcessed, 
         parameter  : TypeData possibleCounts: 1..1 values: 0, 
         parameter  : TypeIndex possibleCounts: 1..1 values: 2, 
         parameter  : Aggregate possibleCounts: 0..1 values: , 
         parameter  : TimeBounds possibleCounts: 1..1 values: 1388550600000|1000, 
         parameter  : ValueBounds possibleCounts: 1..1 values: 0.0|1.0, 
         parameter  : HistogramCells possibleCounts: 1..1 values: 10, 
         parameter  : Point possibleCounts: 1..1 values: main|450|600, 
         parameter  : TypeAnimation possibleCounts: 1..1 values: 0, 
         parameter  : IsIntValue possibleCounts: 0..1 values: , 
         parameter  : DeltaSize possibleCounts: 0..1 values: 0|0, 
         isInit     : true
         time       : 1388550600000
         isTempleate: false

command: setStatistic
         remark     : generated by CountAnimation and called by dropPolicy
         parameter  : StatisticId possibleCounts: 1..1 values: BurstsProcessed@0, 
         parameter  : Value possibleCounts: 1..1 values: 0.0, 
         isInit     : true
         time       : 1388550600000
         isTempleate: false

command: createStatistic
         remark     : generated by CountAnimation and called by dropPolicy
         parameter  : StatisticId possibleCounts: 1..1 values: Dropped Burst@0, 
         parameter  : Name possibleCounts: 0..1 values: Dropped Burst, 
         parameter  : TypeData possibleCounts: 1..1 values: 0, 
         parameter  : TypeIndex possibleCounts: 1..1 values: 2, 
         parameter  : Aggregate possibleCounts: 0..1 values: , 
         parameter  : TimeBounds possibleCounts: 1..1 values: 1388550600000|1000, 
         parameter  : ValueBounds possibleCounts: 1..1 values: 0.0|1.0, 
         parameter  : HistogramCells possibleCounts: 1..1 values: 10, 
         parameter  : Point possibleCounts: 1..1 values: main|370|600, 
         parameter  : TypeAnimation possibleCounts: 1..1 values: 0, 
         parameter  : IsIntValue possibleCounts: 0..1 values: , 
         parameter  : DeltaSize possibleCounts: 0..1 values: 0|0, 
         isInit     : true
         time       : 1388550600000
         isTempleate: false

command: setStatistic
         remark     : generated by CountAnimation and called by dropPolicy
         parameter  : StatisticId possibleCounts: 1..1 values: Dropped Burst@0, 
         parameter  : Value possibleCounts: 1..1 values: 0.0, 
         isInit     : true
         time       : 1388550600000
         isTempleate: false

command: createStatistic
         remark     : generated by CountAnimation and called by dropPolicy
         parameter  : StatisticId possibleCounts: 1..1 values: PacketsDropped@0, 
         parameter  : Name possibleCounts: 0..1 values: PacketsDropped, 
         parameter  : TypeData possibleCounts: 1..1 values: 0, 
         parameter  : TypeIndex possibleCounts: 1..1 values: 2, 
         parameter  : Aggregate possibleCounts: 0..1 values: , 
         parameter  : TimeBounds possibleCounts: 1..1 values: 1388550600000|1000, 
         parameter  : ValueBounds possibleCounts: 1..1 values: 0.0|1.0, 
         parameter  : HistogramCells possibleCounts: 1..1 values: 10, 
         parameter  : Point possibleCounts: 1..1 values: main|270|600, 
         parameter  : TypeAnimation possibleCounts: 1..1 values: 0, 
         parameter  : IsIntValue possibleCounts: 0..1 values: , 
         parameter  : DeltaSize possibleCounts: 0..1 values: 40|2, 
         isInit     : true
         time       : 1388550600000
         isTempleate: false

command: setStatistic
         remark     : generated by CountAnimation and called by dropPolicy
         parameter  : StatisticId possibleCounts: 1..1 values: PacketsDropped@0, 
         parameter  : Value possibleCounts: 1..1 values: 0.0, 
         isInit     : true
         time       : 1388550600000
         isTempleate: false

command: createStatistic
         remark     : generated by CountAnimation and called by dropPolicy
         parameter  : StatisticId possibleCounts: 1..1 values: PacketsProcessed@0, 
         parameter  : Name possibleCounts: 0..1 values: PacketsProcessed, 
         parameter  : TypeData possibleCounts: 1..1 values: 0, 
         parameter  : TypeIndex possibleCounts: 1..1 values: 2, 
         parameter  : Aggregate possibleCounts: 0..1 values: , 
         parameter  : TimeBounds possibleCounts: 1..1 values: 1388550600000|1000, 
         parameter  : ValueBounds possibleCounts: 1..1 values: 0.0|1.0, 
         parameter  : HistogramCells possibleCounts: 1..1 values: 10, 
         parameter  : Point possibleCounts: 1..1 values: main|530|600, 
         parameter  : TypeAnimation possibleCounts: 1..1 values: 0, 
         parameter  : IsIntValue possibleCounts: 0..1 values: , 
         parameter  : DeltaSize possibleCounts: 0..1 values: 0|0, 
         isInit     : true
         time       : 1388550600000
         isTempleate: false

command: setStatistic
         remark     : generated by CountAnimation and called by dropPolicy
         parameter  : StatisticId possibleCounts: 1..1 values: PacketsProcessed@0, 
         parameter  : Value possibleCounts: 1..1 values: 0.0, 
         isInit     : true
         time       : 1388550600000
         isTempleate: false

command: createList
         remark     : generated by ProcessQueueAnimation and called by dropPolicy
         parameter  : ListId possibleCounts: 1..1 values: ActiveWavelength@0, 
         parameter  : Name possibleCounts: 0..1 values: ActiveWavelength, 
         parameter  : DefaultEntityType possibleCounts: 1..1 values: Burst, 
         parameter  : NumberOfVisible possibleCounts: 1..1 values: 2, 
         parameter  : Form possibleCounts: 1..1 values: vertikal, 
         parameter  : Point possibleCounts: 1..1 values: main|-130|-290, 
         parameter  : DeltaSize possibleCounts: 0..1 values: -25|10, 
         parameter  : Comment possibleCounts: 0..1 values: 
         isInit     : true
         time       : 1388550600000
         isTempleate: false

command: createList
         remark     : generated by ProcessQueueAnimation and called by dropPolicy
         parameter  : ListId possibleCounts: 1..1 values: ActiveWavelength@1, 
         parameter  : Name possibleCounts: 0..1 values: ActiveWavelength, 
         parameter  : DefaultEntityType possibleCounts: 1..1 values: Burst, 
         parameter  : NumberOfVisible possibleCounts: 1..1 values: 2, 
         parameter  : Form possibleCounts: 1..1 values: vertikal, 
         parameter  : Point possibleCounts: 1..1 values: main|40|-290, 
         parameter  : DeltaSize possibleCounts: 0..1 values: -25|10, 
         parameter  : Comment possibleCounts: 0..1 values: 
         isInit     : true
         time       : 1388550600000
         isTempleate: false

command: createList
         remark     : generated by ProcessQueueAnimation and called by dropPolicy
         parameter  : ListId possibleCounts: 1..1 values: ActiveWavelength@2, 
         parameter  : Name possibleCounts: 0..1 values: ActiveWavelength, 
         parameter  : DefaultEntityType possibleCounts: 1..1 values: Burst, 
         parameter  : NumberOfVisible possibleCounts: 1..1 values: 2, 
         parameter  : Form possibleCounts: 1..1 values: vertikal, 
         parameter  : Point possibleCounts: 1..1 values: main|290|-290, 
         parameter  : DeltaSize possibleCounts: 0..1 values: -25|10, 
         parameter  : Comment possibleCounts: 0..1 values: 
         isInit     : true
         time       : 1388550600000
         isTempleate: false

command: createStation
         remark     : generated by TransportStationAnimation and called by dropPolicy
         parameter  : StationId possibleCounts: 1..1 values: -- Ingress Node --  @0, 
         parameter  : Name possibleCounts: 0..1 values: -- Ingress Node --, 
         parameter  : Point possibleCounts: 1..1 values: main|800|90, 
         isInit     : true
         time       : 1388550600000
         isTempleate: false

command: createStation
         remark     : generated by TransportStationAnimation and called by dropPolicy
         parameter  : StationId possibleCounts: 1..1 values: IncomingPort  @0, 
         parameter  : Name possibleCounts: 0..1 values: IncomingPort, 
         parameter  : Point possibleCounts: 1..1 values: main|-210|-135, 
         isInit     : true
         time       : 1388550600000
         isTempleate: false

command: createRoute
         remark     : generated by TransportRouteAnimation and called by dropPolicy
         parameter  : RouteId possibleCounts: 1..1 values: Arrival Route@0, 
         parameter  : Name possibleCounts: 0..1 values: Arrival Route, 
         parameter  : Length possibleCounts: 1..1 values: 5.0, 
         parameter  : SourceStationId possibleCounts: 1..1 values: -- Ingress Node --  @0, 
         parameter  : SinkStationId possibleCounts: 1..1 values: IncomingPort  @0, 
         parameter  : Point possibleCounts: 0..inf values: 285|90, -210|90, 
         parameter  : Show possibleCounts: 1..1 values: 15, 
         parameter  : Color possibleCounts: 0..1 values: 0|0|0, 
         parameter  : LineSize possibleCounts: 0..1 values: 1, 
         isInit     : true
         time       : 1388550600000
         isTempleate: false

command: setRoute
         remark     : generated by TransportRouteAnimation and called by dropPolicy
         parameter  : RouteId possibleCounts: 1..1 values: Arrival Route@0, 
         parameter  : AddEntity possibleCounts: 0..inf values: 
         parameter  : RemoveEntity possibleCounts: 0..inf values: 
         parameter  : RemoveAll possibleCounts: 0..1 values: 
         parameter  : Show possibleCounts: 0..1 values: -500, 
         parameter  : Color possibleCounts: 0..1 values: 0|0|255, 
         parameter  : LineSize possibleCounts: 0..1 values: 3, 
         isInit     : true
         time       : 1388550600000
         isTempleate: false

command: createStation
         remark     : generated by TransportStationAnimation and called by dropPolicy
         parameter  : StationId possibleCounts: 1..1 values: --  Ingress Node --    @0, 
         parameter  : Name possibleCounts: 0..1 values: --  Ingress Node --, 
         parameter  : Point possibleCounts: 1..1 values: main|800|90, 
         isInit     : true
         time       : 1388550600000
         isTempleate: false

command: createStation
         remark     : generated by TransportStationAnimation and called by dropPolicy
         parameter  : StationId possibleCounts: 1..1 values: null@0, 
         parameter  : Name possibleCounts: 0..1 values: null, 
         parameter  : Point possibleCounts: 1..1 values: main|130|-135, 
         isInit     : true
         time       : 1388550600000
         isTempleate: false

command: createRoute
         remark     : generated by TransportRouteAnimation and called by dropPolicy
         parameter  : RouteId possibleCounts: 1..1 values: Arrival Route@1, 
         parameter  : Name possibleCounts: 0..1 values: Arrival Route, 
         parameter  : Length possibleCounts: 1..1 values: 5.0, 
         parameter  : SourceStationId possibleCounts: 1..1 values: --  Ingress Node --    @0, 
         parameter  : SinkStationId possibleCounts: 1..1 values: null@0, 
         parameter  : Point possibleCounts: 0..inf values: 130|90, 130|90, 
         parameter  : Show possibleCounts: 1..1 values: 15, 
         parameter  : Color possibleCounts: 0..1 values: 0|0|0, 
         parameter  : LineSize possibleCounts: 0..1 values: 1, 
         isInit     : true
         time       : 1388550600000
         isTempleate: false

command: setRoute
         remark     : generated by TransportRouteAnimation and called by dropPolicy
         parameter  : RouteId possibleCounts: 1..1 values: Arrival Route@1, 
         parameter  : AddEntity possibleCounts: 0..inf values: 
         parameter  : RemoveEntity possibleCounts: 0..inf values: 
         parameter  : RemoveAll possibleCounts: 0..1 values: 
         parameter  : Show possibleCounts: 0..1 values: -500, 
         parameter  : Color possibleCounts: 0..1 values: 0|0|255, 
         parameter  : LineSize possibleCounts: 0..1 values: 3, 
         isInit     : true
         time       : 1388550600000
         isTempleate: false

command: createStation
         remark     : generated by TransportStationAnimation and called by dropPolicy
         parameter  : StationId possibleCounts: 1..1 values: --  Ingress Node --    @1, 
         parameter  : Name possibleCounts: 0..1 values: --  Ingress Node --, 
         parameter  : Point possibleCounts: 1..1 values: main|800|90, 
         isInit     : true
         time       : 1388550600000
         isTempleate: false

command: createStation
         remark     : generated by TransportStationAnimation and called by dropPolicy
         parameter  : StationId possibleCounts: 1..1 values: null@1, 
         parameter  : Name possibleCounts: 0..1 values: null, 
         parameter  : Point possibleCounts: 1..1 values: main|350|-135, 
         isInit     : true
         time       : 1388550600000
         isTempleate: false

command: createRoute
         remark     : generated by TransportRouteAnimation and called by dropPolicy
         parameter  : RouteId possibleCounts: 1..1 values: Arrival Route@2, 
         parameter  : Name possibleCounts: 0..1 values: Arrival Route, 
         parameter  : Length possibleCounts: 1..1 values: 5.0, 
         parameter  : SourceStationId possibleCounts: 1..1 values: --  Ingress Node --    @1, 
         parameter  : SinkStationId possibleCounts: 1..1 values: null@1, 
         parameter  : Point possibleCounts: 0..inf values: 350|90, 350|90, 
         parameter  : Show possibleCounts: 1..1 values: 15, 
         parameter  : Color possibleCounts: 0..1 values: 0|0|0, 
         parameter  : LineSize possibleCounts: 0..1 values: 1, 
         isInit     : true
         time       : 1388550600000
         isTempleate: false

command: setRoute
         remark     : generated by TransportRouteAnimation and called by dropPolicy
         parameter  : RouteId possibleCounts: 1..1 values: Arrival Route@2, 
         parameter  : AddEntity possibleCounts: 0..inf values: 
         parameter  : RemoveEntity possibleCounts: 0..inf values: 
         parameter  : RemoveAll possibleCounts: 0..1 values: 
         parameter  : Show possibleCounts: 0..1 values: -500, 
         parameter  : Color possibleCounts: 0..1 values: 0|0|255, 
         parameter  : LineSize possibleCounts: 0..1 values: 3, 
         isInit     : true
         time       : 1388550600000
         isTempleate: false

command: createStation
         remark     : generated by TransportStationAnimation and called by dropPolicy
         parameter  : StationId possibleCounts: 1..1 values: null@2, 
         parameter  : Name possibleCounts: 0..1 values: null, 
         parameter  : Point possibleCounts: 1..1 values: main|-190|-49, 
         isInit     : true
         time       : 1388550600000
         isTempleate: false

command: createStation
         remark     : generated by TransportStationAnimation and called by dropPolicy
         parameter  : StationId possibleCounts: 1..1 values: null@3, 
         parameter  : Name possibleCounts: 0..1 values: null, 
         parameter  : Point possibleCounts: 1..1 values: main|80|-49, 
         isInit     : true
         time       : 1388550600000
         isTempleate: false

command: createRoute
         remark     : generated by TransportRouteAnimation and called by dropPolicy
         parameter  : RouteId possibleCounts: 1..1 values: FromNode1@0, 
         parameter  : Name possibleCounts: 0..1 values: FromNode1, 
         parameter  : Length possibleCounts: 1..1 values: 1.0, 
         parameter  : SourceStationId possibleCounts: 1..1 values: null@2, 
         parameter  : SinkStationId possibleCounts: 1..1 values: null@3, 
         parameter  : Point possibleCounts: 0..inf values: -190|-49, 90|-49, 
         parameter  : Show possibleCounts: 1..1 values: 15, 
         parameter  : Color possibleCounts: 0..1 values: 0|0|0, 
         parameter  : LineSize possibleCounts: 0..1 values: 1, 
         isInit     : true
         time       : 1388550600000
         isTempleate: false

command: setRoute
         remark     : generated by TransportRouteAnimation and called by dropPolicy
         parameter  : RouteId possibleCounts: 1..1 values: FromNode1@0, 
         parameter  : AddEntity possibleCounts: 0..inf values: 
         parameter  : RemoveEntity possibleCounts: 0..inf values: 
         parameter  : RemoveAll possibleCounts: 0..1 values: 
         parameter  : Show possibleCounts: 0..1 values: -500, 
         parameter  : Color possibleCounts: 0..1 values: 255|0|0, 
         parameter  : LineSize possibleCounts: 0..1 values: 3, 
         isInit     : true
         time       : 1388550600000
         isTempleate: false

command: createStation
         remark     : generated by TransportStationAnimation and called by dropPolicy
         parameter  : StationId possibleCounts: 1..1 values: null@4, 
         parameter  : Name possibleCounts: 0..1 values: null, 
         parameter  : Point possibleCounts: 1..1 values: main|60|-49, 
         isInit     : true
         time       : 1388550600000
         isTempleate: false

command: createStation
         remark     : generated by TransportStationAnimation and called by dropPolicy
         parameter  : StationId possibleCounts: 1..1 values: null@5, 
         parameter  : Name possibleCounts: 0..1 values: null, 
         parameter  : Point possibleCounts: 1..1 values: main|300|-49, 
         isInit     : true
         time       : 1388550600000
         isTempleate: false

command: createRoute
         remark     : generated by TransportRouteAnimation and called by dropPolicy
         parameter  : RouteId possibleCounts: 1..1 values: @0, 
         parameter  : Name possibleCounts: 0..1 values: , 
         parameter  : Length possibleCounts: 1..1 values: 1.0, 
         parameter  : SourceStationId possibleCounts: 1..1 values: null@4, 
         parameter  : SinkStationId possibleCounts: 1..1 values: null@5, 
         parameter  : Point possibleCounts: 0..inf values: 60|-49, 300|-49, 
         parameter  : Show possibleCounts: 1..1 values: 15, 
         parameter  : Color possibleCounts: 0..1 values: 0|0|0, 
         parameter  : LineSize possibleCounts: 0..1 values: 1, 
         isInit     : true
         time       : 1388550600000
         isTempleate: false

command: setRoute
         remark     : generated by TransportRouteAnimation and called by dropPolicy
         parameter  : RouteId possibleCounts: 1..1 values: @0, 
         parameter  : AddEntity possibleCounts: 0..inf values: 
         parameter  : RemoveEntity possibleCounts: 0..inf values: 
         parameter  : RemoveAll possibleCounts: 0..1 values: 
         parameter  : Show possibleCounts: 0..1 values: -500, 
         parameter  : Color possibleCounts: 0..1 values: 255|0|0, 
         parameter  : LineSize possibleCounts: 0..1 values: 3, 
         isInit     : true
         time       : 1388550600000
         isTempleate: false

command: createStation
         remark     : generated by TransportStationAnimation and called by dropPolicy
         parameter  : StationId possibleCounts: 1..1 values: null@6, 
         parameter  : Name possibleCounts: 0..1 values: null, 
         parameter  : Point possibleCounts: 1..1 values: main|300|-49, 
         isInit     : true
         time       : 1388550600000
         isTempleate: false

command: createStation
         remark     : generated by TransportStationAnimation and called by dropPolicy
         parameter  : StationId possibleCounts: 1..1 values: null@7, 
         parameter  : Name possibleCounts: 0..1 values: null, 
         parameter  : Point possibleCounts: 1..1 values: main|-190|-49, 
         isInit     : true
         time       : 1388550600000
         isTempleate: false

command: createRoute
         remark     : generated by TransportRouteAnimation and called by dropPolicy
         parameter  : RouteId possibleCounts: 1..1 values: @1, 
         parameter  : Name possibleCounts: 0..1 values: , 
         parameter  : Length possibleCounts: 1..1 values: 1.0, 
         parameter  : SourceStationId possibleCounts: 1..1 values: null@6, 
         parameter  : SinkStationId possibleCounts: 1..1 values: null@7, 
         parameter  : Point possibleCounts: 0..inf values: 450|-49, 450|20, -190|20, 
         parameter  : Show possibleCounts: 1..1 values: 15, 
         parameter  : Color possibleCounts: 0..1 values: 0|0|0, 
         parameter  : LineSize possibleCounts: 0..1 values: 1, 
         isInit     : true
         time       : 1388550600000
         isTempleate: false

command: setRoute
         remark     : generated by TransportRouteAnimation and called by dropPolicy
         parameter  : RouteId possibleCounts: 1..1 values: @1, 
         parameter  : AddEntity possibleCounts: 0..inf values: 
         parameter  : RemoveEntity possibleCounts: 0..inf values: 
         parameter  : RemoveAll possibleCounts: 0..1 values: 
         parameter  : Show possibleCounts: 0..1 values: -500, 
         parameter  : Color possibleCounts: 0..1 values: 255|0|0, 
         parameter  : LineSize possibleCounts: 0..1 values: 3, 
         isInit     : true
         time       : 1388550600000
         isTempleate: false

command: createStation
         remark     : generated by TransportStationAnimation and called by dropPolicy
         parameter  : StationId possibleCounts: 1..1 values: null@8, 
         parameter  : Name possibleCounts: 0..1 values: null, 
         parameter  : Point possibleCounts: 1..1 values: main|-130|-110, 
         isInit     : true
         time       : 1388550600000
         isTempleate: false

command: createStation
         remark     : generated by TransportStationAnimation and called by dropPolicy
         parameter  : StationId possibleCounts: 1..1 values: Destination  @0, 
         parameter  : Name possibleCounts: 0..1 values: Destination, 
         parameter  : Point possibleCounts: 1..1 values: main|700|-330, 
         isInit     : true
         time       : 1388550600000
         isTempleate: false

command: createRoute
         remark     : generated by TransportRouteAnimation and called by dropPolicy
         parameter  : RouteId possibleCounts: 1..1 values: > @0, 
         parameter  : Name possibleCounts: 0..1 values: >, 
         parameter  : Length possibleCounts: 1..1 values: 5.0, 
         parameter  : SourceStationId possibleCounts: 1..1 values: null@8, 
         parameter  : SinkStationId possibleCounts: 1..1 values: Destination  @0, 
         parameter  : Point possibleCounts: 0..inf values: -50|-110, -50|-400, 580|-400, 580|-330, 
         parameter  : Show possibleCounts: 1..1 values: 15, 
         parameter  : Color possibleCounts: 0..1 values: 0|0|0, 
         parameter  : LineSize possibleCounts: 0..1 values: 1, 
         isInit     : true
         time       : 1388550600000
         isTempleate: false

command: setRoute
         remark     : generated by TransportRouteAnimation and called by dropPolicy
         parameter  : RouteId possibleCounts: 1..1 values: > @0, 
         parameter  : AddEntity possibleCounts: 0..inf values: 
         parameter  : RemoveEntity possibleCounts: 0..inf values: 
         parameter  : RemoveAll possibleCounts: 0..1 values: 
         parameter  : Show possibleCounts: 0..1 values: -500, 
         parameter  : Color possibleCounts: 0..1 values: 0|255|0, 
         parameter  : LineSize possibleCounts: 0..1 values: 3, 
         isInit     : true
         time       : 1388550600000
         isTempleate: false

command: createStation
         remark     : generated by TransportStationAnimation and called by dropPolicy
         parameter  : StationId possibleCounts: 1..1 values: null@9, 
         parameter  : Name possibleCounts: 0..1 values: null, 
         parameter  : Point possibleCounts: 1..1 values: main|100|-110, 
         isInit     : true
         time       : 1388550600000
         isTempleate: false

command: createStation
         remark     : generated by TransportStationAnimation and called by dropPolicy
         parameter  : StationId possibleCounts: 1..1 values: Destination  @1, 
         parameter  : Name possibleCounts: 0..1 values: Destination, 
         parameter  : Point possibleCounts: 1..1 values: main|700|-330, 
         isInit     : true
         time       : 1388550600000
         isTempleate: false

command: createRoute
         remark     : generated by TransportRouteAnimation and called by dropPolicy
         parameter  : RouteId possibleCounts: 1..1 values: <<@0, 
         parameter  : Name possibleCounts: 0..1 values: <<, 
         parameter  : Length possibleCounts: 1..1 values: 1.0, 
         parameter  : SourceStationId possibleCounts: 1..1 values: null@9, 
         parameter  : SinkStationId possibleCounts: 1..1 values: Destination  @1, 
         parameter  : Point possibleCounts: 0..inf values: 200|-110, 200|-400, 580|-400, 580|-330, 
         parameter  : Show possibleCounts: 1..1 values: 15, 
         parameter  : Color possibleCounts: 0..1 values: 0|0|0, 
         parameter  : LineSize possibleCounts: 0..1 values: 1, 
         isInit     : true
         time       : 1388550600000
         isTempleate: false

command: setRoute
         remark     : generated by TransportRouteAnimation and called by dropPolicy
         parameter  : RouteId possibleCounts: 1..1 values: <<@0, 
         parameter  : AddEntity possibleCounts: 0..inf values: 
         parameter  : RemoveEntity possibleCounts: 0..inf values: 
         parameter  : RemoveAll possibleCounts: 0..1 values: 
         parameter  : Show possibleCounts: 0..1 values: -500, 
         parameter  : Color possibleCounts: 0..1 values: 0|255|0, 
         parameter  : LineSize possibleCounts: 0..1 values: 3, 
         isInit     : true
         time       : 1388550600000
         isTempleate: false

command: createStation
         remark     : generated by TransportStationAnimation and called by dropPolicy
         parameter  : StationId possibleCounts: 1..1 values: null@10, 
         parameter  : Name possibleCounts: 0..1 values: null, 
         parameter  : Point possibleCounts: 1..1 values: main|300|-110, 
         isInit     : true
         time       : 1388550600000
         isTempleate: false

command: createStation
         remark     : generated by TransportStationAnimation and called by dropPolicy
         parameter  : StationId possibleCounts: 1..1 values: Destination  @2, 
         parameter  : Name possibleCounts: 0..1 values: Destination, 
         parameter  : Point possibleCounts: 1..1 values: main|700|-330, 
         isInit     : true
         time       : 1388550600000
         isTempleate: false

command: createRoute
         remark     : generated by TransportRouteAnimation and called by dropPolicy
         parameter  : RouteId possibleCounts: 1..1 values: <<@1, 
         parameter  : Name possibleCounts: 0..1 values: <<, 
         parameter  : Length possibleCounts: 1..1 values: 1.0, 
         parameter  : SourceStationId possibleCounts: 1..1 values: null@10, 
         parameter  : SinkStationId possibleCounts: 1..1 values: Destination  @2, 
         parameter  : Point possibleCounts: 0..inf values: 450|-110, 450|-400, 580|-400, 580|-330, 
         parameter  : Show possibleCounts: 1..1 values: 15, 
         parameter  : Color possibleCounts: 0..1 values: 0|0|0, 
         parameter  : LineSize possibleCounts: 0..1 values: 1, 
         isInit     : true
         time       : 1388550600000
         isTempleate: false

command: setRoute
         remark     : generated by TransportRouteAnimation and called by dropPolicy
         parameter  : RouteId possibleCounts: 1..1 values: <<@1, 
         parameter  : AddEntity possibleCounts: 0..inf values: 
         parameter  : RemoveEntity possibleCounts: 0..inf values: 
         parameter  : RemoveAll possibleCounts: 0..1 values: 
         parameter  : Show possibleCounts: 0..1 values: -500, 
         parameter  : Color possibleCounts: 0..1 values: 0|255|0, 
         parameter  : LineSize possibleCounts: 0..1 values: 3, 
         isInit     : true
         time       : 1388550600000
         isTempleate: false

command: createStation
         remark     : generated by TransportStationAnimation and called by dropPolicy
         parameter  : StationId possibleCounts: 1..1 values: null@11, 
         parameter  : Name possibleCounts: 0..1 values: null, 
         parameter  : Point possibleCounts: 1..1 values: main|-130|-70, 
         isInit     : true
         time       : 1388550600000
         isTempleate: false

command: createStation
         remark     : generated by TransportStationAnimation and called by dropPolicy
         parameter  : StationId possibleCounts: 1..1 values: null@12, 
         parameter  : Name possibleCounts: 0..1 values: null, 
         parameter  : Point possibleCounts: 1..1 values: main|700|-150, 
         isInit     : true
         time       : 1388550600000
         isTempleate: false

command: createRoute
         remark     : generated by TransportRouteAnimation and called by dropPolicy
         parameter  : RouteId possibleCounts: 1..1 values: >>@0, 
         parameter  : Name possibleCounts: 0..1 values: >>, 
         parameter  : Length possibleCounts: 1..1 values: 1.0, 
         parameter  : SourceStationId possibleCounts: 1..1 values: null@11, 
         parameter  : SinkStationId possibleCounts: 1..1 values: null@12, 
         parameter  : Point possibleCounts: 0..inf values: -60|-70, -60|-410, 530|-410, 530|-150, 
         parameter  : Show possibleCounts: 1..1 values: 15, 
         parameter  : Color possibleCounts: 0..1 values: 0|0|0, 
         parameter  : LineSize possibleCounts: 0..1 values: 1, 
         isInit     : true
         time       : 1388550600000
         isTempleate: false

command: setRoute
         remark     : generated by TransportRouteAnimation and called by dropPolicy
         parameter  : RouteId possibleCounts: 1..1 values: >>@0, 
         parameter  : AddEntity possibleCounts: 0..inf values: 
         parameter  : RemoveEntity possibleCounts: 0..inf values: 
         parameter  : RemoveAll possibleCounts: 0..1 values: 
         parameter  : Show possibleCounts: 0..1 values: -500, 
         parameter  : Color possibleCounts: 0..1 values: 255|0|255, 
         parameter  : LineSize possibleCounts: 0..1 values: 3, 
         isInit     : true
         time       : 1388550600000
         isTempleate: false

command: createStation
         remark     : generated by TransportStationAnimation and called by dropPolicy
         parameter  : StationId possibleCounts: 1..1 values: null@13, 
         parameter  : Name possibleCounts: 0..1 values: null, 
         parameter  : Point possibleCounts: 1..1 values: main|150|-70, 
         isInit     : true
         time       : 1388550600000
         isTempleate: false

command: createStation
         remark     : generated by TransportStationAnimation and called by dropPolicy
         parameter  : StationId possibleCounts: 1..1 values: Dropped Burst Sink@0, 
         parameter  : Name possibleCounts: 0..1 values: Dropped Burst Sink, 
         parameter  : Point possibleCounts: 1..1 values: main|700|-150, 
         isInit     : true
         time       : 1388550600000
         isTempleate: false

command: createRoute
         remark     : generated by TransportRouteAnimation and called by dropPolicy
         parameter  : RouteId possibleCounts: 1..1 values: <<@2, 
         parameter  : Name possibleCounts: 0..1 values: <<, 
         parameter  : Length possibleCounts: 1..1 values: 1.0, 
         parameter  : SourceStationId possibleCounts: 1..1 values: null@13, 
         parameter  : SinkStationId possibleCounts: 1..1 values: Dropped Burst Sink@0, 
         parameter  : Point possibleCounts: 0..inf values: 190|-70, 190|-410, 530|-410, 530|-150, 
         parameter  : Show possibleCounts: 1..1 values: 15, 
         parameter  : Color possibleCounts: 0..1 values: 0|0|0, 
         parameter  : LineSize possibleCounts: 0..1 values: 1, 
         isInit     : true
         time       : 1388550600000
         isTempleate: false

command: setRoute
         remark     : generated by TransportRouteAnimation and called by dropPolicy
         parameter  : RouteId possibleCounts: 1..1 values: <<@2, 
         parameter  : AddEntity possibleCounts: 0..inf values: 
         parameter  : RemoveEntity possibleCounts: 0..inf values: 
         parameter  : RemoveAll possibleCounts: 0..1 values: 
         parameter  : Show possibleCounts: 0..1 values: -500, 
         parameter  : Color possibleCounts: 0..1 values: 255|0|255, 
         parameter  : LineSize possibleCounts: 0..1 values: 3, 
         isInit     : true
         time       : 1388550600000
         isTempleate: false

command: createStation
         remark     : generated by TransportStationAnimation and called by dropPolicy
         parameter  : StationId possibleCounts: 1..1 values: null@14, 
         parameter  : Name possibleCounts: 0..1 values: null, 
         parameter  : Point possibleCounts: 1..1 values: main|350|-70, 
         isInit     : true
         time       : 1388550600000
         isTempleate: false

command: createStation
         remark     : generated by TransportStationAnimation and called by dropPolicy
         parameter  : StationId possibleCounts: 1..1 values: Dropped Burst Sink@1, 
         parameter  : Name possibleCounts: 0..1 values: Dropped Burst Sink, 
         parameter  : Point possibleCounts: 1..1 values: main|700|-150, 
         isInit     : true
         time       : 1388550600000
         isTempleate: false

command: createRoute
         remark     : generated by TransportRouteAnimation and called by dropPolicy
         parameter  : RouteId possibleCounts: 1..1 values: <<@3, 
         parameter  : Name possibleCounts: 0..1 values: <<, 
         parameter  : Length possibleCounts: 1..1 values: 1.0, 
         parameter  : SourceStationId possibleCounts: 1..1 values: null@14, 
         parameter  : SinkStationId possibleCounts: 1..1 values: Dropped Burst Sink@1, 
         parameter  : Point possibleCounts: 0..inf values: 430|-70, 430|-410, 530|-410, 530|-150, 
         parameter  : Show possibleCounts: 1..1 values: 15, 
         parameter  : Color possibleCounts: 0..1 values: 0|0|0, 
         parameter  : LineSize possibleCounts: 0..1 values: 1, 
         isInit     : true
         time       : 1388550600000
         isTempleate: false

command: setRoute
         remark     : generated by TransportRouteAnimation and called by dropPolicy
         parameter  : RouteId possibleCounts: 1..1 values: <<@3, 
         parameter  : AddEntity possibleCounts: 0..inf values: 
         parameter  : RemoveEntity possibleCounts: 0..inf values: 
         parameter  : RemoveAll possibleCounts: 0..1 values: 
         parameter  : Show possibleCounts: 0..1 values: -500, 
         parameter  : Color possibleCounts: 0..1 values: 255|0|255, 
         parameter  : LineSize possibleCounts: 0..1 values: 3, 
         isInit     : true
         time       : 1388550600000
         isTempleate: false

command: createList
         remark     : generated by ProcessQueueAnimation and called by dropPolicy
         parameter  : ListId possibleCounts: 1..1 values: ProcessedBursts(O/P)@0, 
         parameter  : Name possibleCounts: 0..1 values: ProcessedBursts(O/P), 
         parameter  : DefaultEntityType possibleCounts: 1..1 values: Burst, 
         parameter  : NumberOfVisible possibleCounts: 1..1 values: 1, 
         parameter  : Form possibleCounts: 1..1 values: horizontal, 
         parameter  : Point possibleCounts: 1..1 values: main|880|-365, 
         parameter  : DeltaSize possibleCounts: 0..1 values: 90|-10, 
         parameter  : Comment possibleCounts: 0..1 values: 
         isInit     : true
         time       : 1388550600000
         isTempleate: false

command: createList
         remark     : generated by ProcessQueueAnimation and called by dropPolicy
         parameter  : ListId possibleCounts: 1..1 values: DroppedBursts(O/P)@0, 
         parameter  : Name possibleCounts: 0..1 values: DroppedBursts(O/P), 
         parameter  : DefaultEntityType possibleCounts: 1..1 values: Burst, 
         parameter  : NumberOfVisible possibleCounts: 1..1 values: 1, 
         parameter  : Form possibleCounts: 1..1 values: horizontal, 
         parameter  : Point possibleCounts: 1..1 values: main|880|-185, 
         parameter  : DeltaSize possibleCounts: 0..1 values: 90|-10, 
         parameter  : Comment possibleCounts: 0..1 values: 
         isInit     : true
         time       : 1388550600000
         isTempleate: false

command: createBackgroundElement
         remark     : erzeugt von BackgroundElementAnimation
         parameter  : BgElemId possibleCounts: 1..1 values: NODE1-Set of WaveLength@1, 
         parameter  : Name possibleCounts: 0..1 values: 
         parameter  : Text possibleCounts: 1..1 values: BurstAssembly<br>Ingress Node |1|20|1, 
         parameter  : TopLeft possibleCounts: 0..1 values: 
         parameter  : BottomRight possibleCounts: 0..1 values: 
         parameter  : Middle possibleCounts: 0..1 values: main|800|70, 
         parameter  : Size possibleCounts: 0..1 values: 200|85, 
         parameter  : Foreground possibleCounts: 0..1 values: 255|255|255, 
         parameter  : Background possibleCounts: 0..1 values: 0|0|0, 
         parameter  : Level possibleCounts: 1..1 values: 0.0, 
         parameter  : ImageId possibleCounts: 0..1 values: 
         isInit     : true
         time       : 1388550600000
         isTempleate: false

command: createBackgroundElement
         remark     : erzeugt von BackgroundElementAnimation
         parameter  : BgElemId possibleCounts: 1..1 values: NODE1-Set of WaveLength@2, 
         parameter  : Name possibleCounts: 0..1 values: 
         parameter  : Text possibleCounts: 1..1 values: OUTPUT |1|20|1, 
         parameter  : TopLeft possibleCounts: 0..1 values: 
         parameter  : BottomRight possibleCounts: 0..1 values: 
         parameter  : Middle possibleCounts: 0..1 values: main|770|-270, 
         parameter  : Size possibleCounts: 0..1 values: 400|300, 
         parameter  : Foreground possibleCounts: 0..1 values: 0|0|0, 
         parameter  : Background possibleCounts: 0..1 values: 255|255|0, 
         parameter  : Level possibleCounts: 1..1 values: 1.0, 
         parameter  : ImageId possibleCounts: 0..1 values: 
         isInit     : true
         time       : 1388550600000
         isTempleate: false

command: createBackgroundElement
         remark     : erzeugt von BackgroundElementAnimation
         parameter  : BgElemId possibleCounts: 1..1 values: NODE1-Set of WaveLength@3, 
         parameter  : Name possibleCounts: 0..1 values: 
         parameter  : Text possibleCounts: 1..1 values: INPUT:<BR> Packets Are Assembled into Bursts and inserted into OBS NW |1|20|1, 
         parameter  : TopLeft possibleCounts: 0..1 values: 
         parameter  : BottomRight possibleCounts: 0..1 values: 
         parameter  : Middle possibleCounts: 0..1 values: main|770|15, 
         parameter  : Size possibleCounts: 0..1 values: 400|200, 
         parameter  : Foreground possibleCounts: 0..1 values: 0|0|0, 
         parameter  : Background possibleCounts: 0..1 values: 255|0|255, 
         parameter  : Level possibleCounts: 1..1 values: 1.0, 
         parameter  : ImageId possibleCounts: 0..1 values: 
         isInit     : true
         time       : 1388550600000
         isTempleate: false

command: createBackgroundElement
         remark     : erzeugt von BackgroundElementAnimation
         parameter  : BgElemId possibleCounts: 1..1 values: NODE1-Set of WaveLength@4, 
         parameter  : Name possibleCounts: 0..1 values: 
         parameter  : Text possibleCounts: 1..1 values: NODE1 |1|20|1, 
         parameter  : TopLeft possibleCounts: 0..1 values: 
         parameter  : BottomRight possibleCounts: 0..1 values: 
         parameter  : Middle possibleCounts: 0..1 values: main|-170|-190, 
         parameter  : Size possibleCounts: 0..1 values: 180|400, 
         parameter  : Foreground possibleCounts: 0..1 values: 255|255|255, 
         parameter  : Background possibleCounts: 0..1 values: 0|0|0, 
         parameter  : Level possibleCounts: 1..1 values: 0.0, 
         parameter  : ImageId possibleCounts: 0..1 values: 
         isInit     : true
         time       : 1388550600000
         isTempleate: false

command: createBackgroundElement
         remark     : erzeugt von BackgroundElementAnimation
         parameter  : BgElemId possibleCounts: 1..1 values: NODE1-Set of WaveLength@5, 
         parameter  : Name possibleCounts: 0..1 values: 
         parameter  : Text possibleCounts: 1..1 values: NODE2 |1|20|1, 
         parameter  : TopLeft possibleCounts: 0..1 values: 
         parameter  : BottomRight possibleCounts: 0..1 values: 
         parameter  : Middle possibleCounts: 0..1 values: main|80|-190, 
         parameter  : Size possibleCounts: 0..1 values: 180|400, 
         parameter  : Foreground possibleCounts: 0..1 values: 255|255|255, 
         parameter  : Background possibleCounts: 0..1 values: 0|0|0, 
         parameter  : Level possibleCounts: 1..1 values: 0.0, 
         parameter  : ImageId possibleCounts: 0..1 values: 
         isInit     : true
         time       : 1388550600000
         isTempleate: false

command: createBackgroundElement
         remark     : erzeugt von BackgroundElementAnimation
         parameter  : BgElemId possibleCounts: 1..1 values: NODE1-Set of WaveLength@6, 
         parameter  : Name possibleCounts: 0..1 values: 
         parameter  : Text possibleCounts: 1..1 values: NODE3 |1|20|1, 
         parameter  : TopLeft possibleCounts: 0..1 values: 
         parameter  : BottomRight possibleCounts: 0..1 values: 
         parameter  : Middle possibleCounts: 0..1 values: main|330|-190, 
         parameter  : Size possibleCounts: 0..1 values: 180|400, 
         parameter  : Foreground possibleCounts: 0..1 values: 255|255|255, 
         parameter  : Background possibleCounts: 0..1 values: 0|0|0, 
         parameter  : Level possibleCounts: 1..1 values: 0.0, 
         parameter  : ImageId possibleCounts: 0..1 values: 
         isInit     : true
         time       : 1388550600000
         isTempleate: false

command: createBackgroundElement
         remark     : erzeugt von BackgroundElementAnimation
         parameter  : BgElemId possibleCounts: 1..1 values: NODE1-Set of WaveLength@7, 
         parameter  : Name possibleCounts: 0..1 values: 
         parameter  : Text possibleCounts: 1..1 values: BurstDis_assembly<br>Egress Node |1|20|1, 
         parameter  : TopLeft possibleCounts: 0..1 values: 
         parameter  : BottomRight possibleCounts: 0..1 values: 
         parameter  : Middle possibleCounts: 0..1 values: main|700|-350, 
         parameter  : Size possibleCounts: 0..1 values: 200|85, 
         parameter  : Foreground possibleCounts: 0..1 values: 255|255|255, 
         parameter  : Background possibleCounts: 0..1 values: 0|0|0, 
         parameter  : Level possibleCounts: 1..1 values: 0.0, 
         parameter  : ImageId possibleCounts: 0..1 values: 
         isInit     : true
         time       : 1388550600000
         isTempleate: false

command: createBackgroundElement
         remark     : erzeugt von BackgroundElementAnimation
         parameter  : BgElemId possibleCounts: 1..1 values: NODE1-Set of WaveLength@8, 
         parameter  : Name possibleCounts: 0..1 values: 
         parameter  : Text possibleCounts: 1..1 values: DroppedBursts |1|20|1, 
         parameter  : TopLeft possibleCounts: 0..1 values: 
         parameter  : BottomRight possibleCounts: 0..1 values: 
         parameter  : Middle possibleCounts: 0..1 values: main|700|-170, 
         parameter  : Size possibleCounts: 0..1 values: 200|85, 
         parameter  : Foreground possibleCounts: 0..1 values: 255|255|255, 
         parameter  : Background possibleCounts: 0..1 values: 0|0|0, 
         parameter  : Level possibleCounts: 1..1 values: 0.0, 
         parameter  : ImageId possibleCounts: 0..1 values: 
         isInit     : true
         time       : 1388550600000
         isTempleate: false

command: resetStatistic
         remark     : generated by CountAnimation and called by dropPolicy
         parameter  : StatisticId possibleCounts: 1..1 values: TotalBursts@0, 
         isInit     : true
         time       : 1388550600000
         isTempleate: false

command: resetStatistic
         remark     : generated by CountAnimation and called by dropPolicy
         parameter  : StatisticId possibleCounts: 1..1 values: BurstsProcessed@0, 
         isInit     : true
         time       : 1388550600000
         isTempleate: false

command: resetStatistic
         remark     : generated by CountAnimation and called by dropPolicy
         parameter  : StatisticId possibleCounts: 1..1 values: Dropped Burst@0, 
         isInit     : true
         time       : 1388550600000
         isTempleate: false

command: resetStatistic
         remark     : generated by CountAnimation and called by dropPolicy
         parameter  : StatisticId possibleCounts: 1..1 values: PacketsDropped@0, 
         isInit     : true
         time       : 1388550600000
         isTempleate: false

command: resetStatistic
         remark     : generated by CountAnimation and called by dropPolicy
         parameter  : StatisticId possibleCounts: 1..1 values: PacketsProcessed@0, 
         isInit     : true
         time       : 1388550600000
         isTempleate: false

command: createSimTimeBounds
         remark     : erzeugt in CmdGeneration.experimentStart
         parameter  : Begin possibleCounts: 1..1 values: 1388550600000, 
         parameter  : End possibleCounts: 0..1 values: 1388637000000, 
         parameter  : TimeZone possibleCounts: 0..1 values: Asia/Calcutta, 
         parameter  : Speed possibleCounts: 1..1 values: 10.0, 
         isInit     : true
         time       : 1388550600000
         isTempleate: false

command: resetStatistic
         remark     : generated by CountAnimation and called by dropPolicy
         parameter  : StatisticId possibleCounts: 1..1 values: TotalBursts@0, 
         isInit     : false
         time       : 1388550600000
         isTempleate: false

command: resetStatistic
         remark     : generated by CountAnimation and called by dropPolicy
         parameter  : StatisticId possibleCounts: 1..1 values: BurstsProcessed@0, 
         isInit     : false
         time       : 1388550600000
         isTempleate: false

command: resetStatistic
         remark     : generated by CountAnimation and called by dropPolicy
         parameter  : StatisticId possibleCounts: 1..1 values: Dropped Burst@0, 
         isInit     : false
         time       : 1388550600000
         isTempleate: false

command: resetStatistic
         remark     : generated by CountAnimation and called by dropPolicy
         parameter  : StatisticId possibleCounts: 1..1 values: PacketsDropped@0, 
         isInit     : false
         time       : 1388550600000
         isTempleate: false

command: resetStatistic
         remark     : generated by CountAnimation and called by dropPolicy
         parameter  : StatisticId possibleCounts: 1..1 values: PacketsProcessed@0, 
         isInit     : false
         time       : 1388550600000
         isTempleate: false

command: createEntity
         remark     : generated by SimProcessAnimation and called by dropPolicy
         parameter  : EntityId possibleCounts: 1..1 values: WL#1, 
         parameter  : Name possibleCounts: 0..1 values: 
         parameter  : EntityTypeId possibleCounts: 1..1 values: WaveLength, 
         parameter  : Velocity possibleCounts: 0..1 values: 
         parameter  : State possibleCounts: 1..1 values: active, 
         parameter  : Attribute possibleCounts: 0..inf values: 
         parameter  : Position possibleCounts: 0..1 values: 
         isInit     : false
         time       : 1388550600000
         isTempleate: false

command: setEntity
         remark     : generated by SimProcessAnimation and called by dropPolicy
         parameter  : EntityId possibleCounts: 1..1 values: WL#1, 
         parameter  : Velocity possibleCounts: 0..1 values: 
         parameter  : State possibleCounts: 0..1 values: 
         parameter  : Attribute possibleCounts: 0..inf values: name|WL#1, 
         isInit     : false
         time       : 1388550600000
         isTempleate: false

command: createEntity
         remark     : generated by SimProcessAnimation and called by dropPolicy
         parameter  : EntityId possibleCounts: 1..1 values: WL#2, 
         parameter  : Name possibleCounts: 0..1 values: 
         parameter  : EntityTypeId possibleCounts: 1..1 values: WaveLength, 
         parameter  : Velocity possibleCounts: 0..1 values: 
         parameter  : State possibleCounts: 1..1 values: active, 
         parameter  : Attribute possibleCounts: 0..inf values: 
         parameter  : Position possibleCounts: 0..1 values: 
         isInit     : false
         time       : 1388550600000
         isTempleate: false

command: setEntity
         remark     : generated by SimProcessAnimation and called by dropPolicy
         parameter  : EntityId possibleCounts: 1..1 values: WL#2, 
         parameter  : Velocity possibleCounts: 0..1 values: 
         parameter  : State possibleCounts: 0..1 values: 
         parameter  : Attribute possibleCounts: 0..inf values: name|WL#2, 
         isInit     : false
         time       : 1388550600000
         isTempleate: false

command: createEntity
         remark     : generated by SimProcessAnimation and called by dropPolicy
         parameter  : EntityId possibleCounts: 1..1 values: WL#3, 
         parameter  : Name possibleCounts: 0..1 values: 
         parameter  : EntityTypeId possibleCounts: 1..1 values: WaveLength, 
         parameter  : Velocity possibleCounts: 0..1 values: 
         parameter  : State possibleCounts: 1..1 values: active, 
         parameter  : Attribute possibleCounts: 0..inf values: 
         parameter  : Position possibleCounts: 0..1 values: 
         isInit     : false
         time       : 1388550600000
         isTempleate: false

command: setEntity
         remark     : generated by SimProcessAnimation and called by dropPolicy
         parameter  : EntityId possibleCounts: 1..1 values: WL#3, 
         parameter  : Velocity possibleCounts: 0..1 values: 
         parameter  : State possibleCounts: 0..1 values: 
         parameter  : Attribute possibleCounts: 0..inf values: name|WL#3, 
         isInit     : false
         time       : 1388550600000
         isTempleate: false

command: createEntity
         remark     : generated by SimProcessAnimation and called by dropPolicy
         parameter  : EntityId possibleCounts: 1..1 values: WL#4, 
         parameter  : Name possibleCounts: 0..1 values: 
         parameter  : EntityTypeId possibleCounts: 1..1 values: WaveLength, 
         parameter  : Velocity possibleCounts: 0..1 values: 
         parameter  : State possibleCounts: 1..1 values: active, 
         parameter  : Attribute possibleCounts: 0..inf values: 
         parameter  : Position possibleCounts: 0..1 values: 
         isInit     : false
         time       : 1388550600000
         isTempleate: false

command: setEntity
         remark     : generated by SimProcessAnimation and called by dropPolicy
         parameter  : EntityId possibleCounts: 1..1 values: WL#4, 
         parameter  : Velocity possibleCounts: 0..1 values: 
         parameter  : State possibleCounts: 0..1 values: 
         parameter  : Attribute possibleCounts: 0..inf values: name|WL#4, 
         isInit     : false
         time       : 1388550600000
         isTempleate: false

command: createEntity
         remark     : generated by SimProcessAnimation and called by dropPolicy
         parameter  : EntityId possibleCounts: 1..1 values: WL#5, 
         parameter  : Name possibleCounts: 0..1 values: 
         parameter  : EntityTypeId possibleCounts: 1..1 values: WaveLength, 
         parameter  : Velocity possibleCounts: 0..1 values: 
         parameter  : State possibleCounts: 1..1 values: active, 
         parameter  : Attribute possibleCounts: 0..inf values: 
         parameter  : Position possibleCounts: 0..1 values: 
         isInit     : false
         time       : 1388550600000
         isTempleate: false

command: setEntity
         remark     : generated by SimProcessAnimation and called by dropPolicy
         parameter  : EntityId possibleCounts: 1..1 values: WL#5, 
         parameter  : Velocity possibleCounts: 0..1 values: 
         parameter  : State possibleCounts: 0..1 values: 
         parameter  : Attribute possibleCounts: 0..inf values: name|WL#5, 
         isInit     : false
         time       : 1388550600000
         isTempleate: false

command: createEntity
         remark     : generated by SimProcessAnimation and called by dropPolicy
         parameter  : EntityId possibleCounts: 1..1 values: WL#6, 
         parameter  : Name possibleCounts: 0..1 values: 
         parameter  : EntityTypeId possibleCounts: 1..1 values: WaveLength, 
         parameter  : Velocity possibleCounts: 0..1 values: 
         parameter  : State possibleCounts: 1..1 values: active, 
         parameter  : Attribute possibleCounts: 0..inf values: 
         parameter  : Position possibleCounts: 0..1 values: 
         isInit     : false
         time       : 1388550600000
         isTempleate: false

command: setEntity
         remark     : generated by SimProcessAnimation and called by dropPolicy
         parameter  : EntityId possibleCounts: 1..1 values: WL#6, 
         parameter  : Velocity possibleCounts: 0..1 values: 
         parameter  : State possibleCounts: 0..1 values: 
         parameter  : Attribute possibleCounts: 0..inf values: name|WL#6, 
         isInit     : false
         time       : 1388550600000
         isTempleate: false

command: setList
         remark     : generated by QueueAnimation and called by WL#1
         parameter  : ListId possibleCounts: 1..1 values: IdleWaveLength@0, 
         parameter  : AddEntity possibleCounts: 0..inf values: WL#1|0|last, 
         parameter  : AddEntityAfter possibleCounts: 0..inf values: 
         parameter  : AddEntityBefore possibleCounts: 0..inf values: 
         parameter  : RemoveEntity possibleCounts: 0..inf values: 
         parameter  : RemoveAll possibleCounts: 0..1 values: 
         isInit     : false
         time       : 1388550600000
         isTempleate: false

command: setEntity
         remark     : generated by SimProcessAnimation and called by WL#1
         parameter  : EntityId possibleCounts: 1..1 values: WL#1, 
         parameter  : Velocity possibleCounts: 0..1 values: 
         parameter  : State possibleCounts: 0..1 values: passive, 
         parameter  : Attribute possibleCounts: 0..inf values: 
         isInit     : false
         time       : 1388550600000
         isTempleate: false

command: setList
         remark     : generated by QueueAnimation and called by WL#2
         parameter  : ListId possibleCounts: 1..1 values: IdleWaveLength@0, 
         parameter  : AddEntity possibleCounts: 0..inf values: WL#2|0|last, 
         parameter  : AddEntityAfter possibleCounts: 0..inf values: 
         parameter  : AddEntityBefore possibleCounts: 0..inf values: 
         parameter  : RemoveEntity possibleCounts: 0..inf values: 
         parameter  : RemoveAll possibleCounts: 0..1 values: 
         isInit     : false
         time       : 1388550600000
         isTempleate: false

command: setEntity
         remark     : generated by SimProcessAnimation and called by WL#2
         parameter  : EntityId possibleCounts: 1..1 values: WL#2, 
         parameter  : Velocity possibleCounts: 0..1 values: 
         parameter  : State possibleCounts: 0..1 values: passive, 
         parameter  : Attribute possibleCounts: 0..inf values: 
         isInit     : false
         time       : 1388550600000
         isTempleate: false

command: setEntity
         remark     : generated by SimProcessAnimation and called by WL#3
         parameter  : EntityId possibleCounts: 1..1 values: WL#3, 
         parameter  : Velocity possibleCounts: 0..1 values: 
         parameter  : State possibleCounts: 0..1 values: passive, 
         parameter  : Attribute possibleCounts: 0..inf values: 
         isInit     : false
         time       : 1388550600000
         isTempleate: false

command: setList
         remark     : generated by QueueAnimation and called by WL#3
         parameter  : ListId possibleCounts: 1..1 values: IdleWaveLength@1, 
         parameter  : AddEntity possibleCounts: 0..inf values: WL#3|0|last, 
         parameter  : AddEntityAfter possibleCounts: 0..inf values: 
         parameter  : AddEntityBefore possibleCounts: 0..inf values: 
         parameter  : RemoveEntity possibleCounts: 0..inf values: 
         parameter  : RemoveAll possibleCounts: 0..1 values: 
         isInit     : false
         time       : 1388550600000
         isTempleate: false

command: setEntity
         remark     : generated by SimProcessAnimation and called by WL#4
         parameter  : EntityId possibleCounts: 1..1 values: WL#4, 
         parameter  : Velocity possibleCounts: 0..1 values: 
         parameter  : State possibleCounts: 0..1 values: passive, 
         parameter  : Attribute possibleCounts: 0..inf values: 
         isInit     : false
         time       : 1388550600000
         isTempleate: false

command: setList
         remark     : generated by QueueAnimation and called by WL#4
         parameter  : ListId possibleCounts: 1..1 values: IdleWaveLength@1, 
         parameter  : AddEntity possibleCounts: 0..inf values: WL#4|0|last, 
         parameter  : AddEntityAfter possibleCounts: 0..inf values: 
         parameter  : AddEntityBefore possibleCounts: 0..inf values: 
         parameter  : RemoveEntity possibleCounts: 0..inf values: 
         parameter  : RemoveAll possibleCounts: 0..1 values: 
         isInit     : false
         time       : 1388550600000
         isTempleate: false

command: setEntity
         remark     : generated by SimProcessAnimation and called by WL#5
         parameter  : EntityId possibleCounts: 1..1 values: WL#5, 
         parameter  : Velocity possibleCounts: 0..1 values: 
         parameter  : State possibleCounts: 0..1 values: passive, 
         parameter  : Attribute possibleCounts: 0..inf values: 
         isInit     : false
         time       : 1388550600000
         isTempleate: false

command: setList
         remark     : generated by QueueAnimation and called by WL#5
         parameter  : ListId possibleCounts: 1..1 values: IdleWaveLength@2, 
         parameter  : AddEntity possibleCounts: 0..inf values: WL#5|0|last, 
         parameter  : AddEntityAfter possibleCounts: 0..inf values: 
         parameter  : AddEntityBefore possibleCounts: 0..inf values: 
         parameter  : RemoveEntity possibleCounts: 0..inf values: 
         parameter  : RemoveAll possibleCounts: 0..1 values: 
         isInit     : false
         time       : 1388550600000
         isTempleate: false

command: setEntity
         remark     : generated by SimProcessAnimation and called by WL#6
         parameter  : EntityId possibleCounts: 1..1 values: WL#6, 
         parameter  : Velocity possibleCounts: 0..1 values: 
         parameter  : State possibleCounts: 0..1 values: passive, 
         parameter  : Attribute possibleCounts: 0..inf values: 
         isInit     : false
         time       : 1388550600000
         isTempleate: false

command: setList
         remark     : generated by QueueAnimation and called by WL#6
         parameter  : ListId possibleCounts: 1..1 values: IdleWaveLength@2, 
         parameter  : AddEntity possibleCounts: 0..inf values: WL#6|0|last, 
         parameter  : AddEntityAfter possibleCounts: 0..inf values: 
         parameter  : AddEntityBefore possibleCounts: 0..inf values: 
         parameter  : RemoveEntity possibleCounts: 0..inf values: 
         parameter  : RemoveAll possibleCounts: 0..1 values: 
         isInit     : false
         time       : 1388550600000
         isTempleate: false

