command: createModelBasisData
         remark     : generated by model.segmentanddrop.ModelBurstExchange
         parameter  : ProjectName possibleCounts: 0..1 values: 
         parameter  : ProjectURL possibleCounts: 0..1 values: 
         parameter  : ProjectIconId possibleCounts: 0..1 values: 
         parameter  : ModelName possibleCounts: 1..1 values: segmentanddrop, 
         parameter  : ModelAuthor possibleCounts: 1..1 values: Priyank Dhutia, 
         parameter  : ModelDate possibleCounts: 0..1 values: 25.01.2014, 
         parameter  : ModelDescription possibleCounts: 0..1 values: Burst Segmentation - an approach for reducing Packet Loss In Optical Burst Switched Networks.(Segment and Drop Policy), 
         parameter  : ModelRemark possibleCounts: 0..inf values: 
         parameter  : ModelLicense possibleCounts: 0..1 values: 
         parameter  : DesmojVersion possibleCounts: 0..1 values: 2.3.5beta, 
         parameter  : DesmojLicense possibleCounts: 0..1 values: Apache License  Version 2.0, 
         parameter  : DesmojLicenseURL possibleCounts: 0..1 values: http://www.apache.org/licenses/LICENSE-2.0, 
         isInit     : true
         time       : 1388550600000
         isTempleate: false

command: createImage
         remark     : generated by model.segmentanddrop.ModelBurstExchange
         parameter  : ImageId possibleCounts: 1..1 values: Burst-active, 
         parameter  : File possibleCounts: 1..1 values: truck4_active.gif, 
         isInit     : true
         time       : 1388550600000
         isTempleate: false

command: createImage
         remark     : generated by model.segmentanddrop.ModelBurstExchange
         parameter  : ImageId possibleCounts: 1..1 values: Burst-passive, 
         parameter  : File possibleCounts: 1..1 values: truck4_iddle.gif, 
         isInit     : true
         time       : 1388550600000
         isTempleate: false

command: createImage
         remark     : generated by model.segmentanddrop.ModelBurstExchange
         parameter  : ImageId possibleCounts: 1..1 values: WL-active, 
         parameter  : File possibleCounts: 1..1 values: crane2__active.gif, 
         isInit     : true
         time       : 1388550600000
         isTempleate: false

command: createImage
         remark     : generated by model.segmentanddrop.ModelBurstExchange
         parameter  : ImageId possibleCounts: 1..1 values: WL-passive, 
         parameter  : File possibleCounts: 1..1 values: crane2_iddle.gif, 
         isInit     : true
         time       : 1388550600000
         isTempleate: false

command: createEntityTyp
         remark     : generated by model.segmentanddrop.Burst
         parameter  : EntityTypId possibleCounts: 1..1 values: Burst, 
         parameter  : IconWidth possibleCounts: 1..1 values: 30, 
         parameter  : IconHeigth possibleCounts: 1..1 values: 30, 
         parameter  : PossibleState possibleCounts: 1..inf values: active|Burst-active, passive|Burst-passive, 
         parameter  : PossibleAttribute possibleCounts: 0..inf values: 
         parameter  : Show possibleCounts: 1..1 values: 3, 
         isInit     : true
         time       : 1388550600000
         isTempleate: false

command: createEntityTyp
         remark     : generated by model.segmentanddrop.WaveLength
         parameter  : EntityTypId possibleCounts: 1..1 values: WaveLength, 
         parameter  : IconWidth possibleCounts: 1..1 values: 30, 
         parameter  : IconHeigth possibleCounts: 1..1 values: 30, 
         parameter  : PossibleState possibleCounts: 1..inf values: active|WL-active, passive|WL-passive, 
         parameter  : PossibleAttribute possibleCounts: 0..inf values: 
         parameter  : Show possibleCounts: 1..1 values: 3, 
         isInit     : true
         time       : 1388550600000
         isTempleate: false

command: createList
         remark     : generated by ProcessQueueAnimation and called by segmentanddrop
         parameter  : ListId possibleCounts: 1..1 values: InProcessBurst0@0, 
         parameter  : Name possibleCounts: 0..1 values: InProcessBurst0, 
         parameter  : DefaultEntityType possibleCounts: 1..1 values: WaveLength, 
         parameter  : NumberOfVisible possibleCounts: 1..1 values: 1, 
         parameter  : Form possibleCounts: 1..1 values: horizontal, 
         parameter  : Point possibleCounts: 1..1 values: main|50|50, 
         parameter  : DeltaSize possibleCounts: 0..1 values: 30|1, 
         parameter  : Comment possibleCounts: 0..1 values: 
         isInit     : true
         time       : 1388550600000
         isTempleate: false

command: createList
         remark     : generated by ProcessQueueAnimation and called by segmentanddrop
         parameter  : ListId possibleCounts: 1..1 values: InProcessBurst1@0, 
         parameter  : Name possibleCounts: 0..1 values: InProcessBurst1, 
         parameter  : DefaultEntityType possibleCounts: 1..1 values: WaveLength, 
         parameter  : NumberOfVisible possibleCounts: 1..1 values: 1, 
         parameter  : Form possibleCounts: 1..1 values: horizontal, 
         parameter  : Point possibleCounts: 1..1 values: main|750|50, 
         parameter  : DeltaSize possibleCounts: 0..1 values: 30|1, 
         parameter  : Comment possibleCounts: 0..1 values: 
         isInit     : true
         time       : 1388550600000
         isTempleate: false

command: createBackgroundElement
         remark     : erzeugt von BackgroundElementAnimation
         parameter  : BgElemId possibleCounts: 1..1 values: Headline@0, 
         parameter  : Name possibleCounts: 0..1 values: 
         parameter  : Text possibleCounts: 1..1 values: Burst Processing-Segment and Drop Policy|0|20|1, 
         parameter  : TopLeft possibleCounts: 0..1 values: 
         parameter  : BottomRight possibleCounts: 0..1 values: 
         parameter  : Middle possibleCounts: 0..1 values: main|100|-400, 
         parameter  : Size possibleCounts: 0..1 values: 
         parameter  : Foreground possibleCounts: 0..1 values: 0|0|0, 
         parameter  : Background possibleCounts: 0..1 values: 
         parameter  : Level possibleCounts: 1..1 values: 2.0, 
         parameter  : ImageId possibleCounts: 0..1 values: 
         isInit     : true
         time       : 1388550600000
         isTempleate: false

command: createList
         remark     : generated by ProcessQueueAnimation and called by segmentanddrop
         parameter  : ListId possibleCounts: 1..1 values: ArrivedBurst@0, 
         parameter  : Name possibleCounts: 0..1 values: ArrivedBurst, 
         parameter  : DefaultEntityType possibleCounts: 1..1 values: Burst, 
         parameter  : NumberOfVisible possibleCounts: 1..1 values: 1, 
         parameter  : Form possibleCounts: 1..1 values: horizontal, 
         parameter  : Point possibleCounts: 1..1 values: main|-80|50, 
         parameter  : DeltaSize possibleCounts: 0..1 values: 50|1, 
         parameter  : Comment possibleCounts: 0..1 values: 
         isInit     : true
         time       : 1388550600000
         isTempleate: false

command: createList
         remark     : generated by ProcessQueueAnimation and called by segmentanddrop
         parameter  : ListId possibleCounts: 1..1 values: ArrivedBurst@1, 
         parameter  : Name possibleCounts: 0..1 values: ArrivedBurst, 
         parameter  : DefaultEntityType possibleCounts: 1..1 values: Burst, 
         parameter  : NumberOfVisible possibleCounts: 1..1 values: 1, 
         parameter  : Form possibleCounts: 1..1 values: horizontal, 
         parameter  : Point possibleCounts: 1..1 values: main|610|50, 
         parameter  : DeltaSize possibleCounts: 0..1 values: 50|1, 
         parameter  : Comment possibleCounts: 0..1 values: 
         isInit     : true
         time       : 1388550600000
         isTempleate: false

command: createList
         remark     : generated by ProcessQueueAnimation and called by segmentanddrop
         parameter  : ListId possibleCounts: 1..1 values: AwaitingSegmentation@0, 
         parameter  : Name possibleCounts: 0..1 values: AwaitingSegmentation, 
         parameter  : DefaultEntityType possibleCounts: 1..1 values: Burst, 
         parameter  : NumberOfVisible possibleCounts: 1..1 values: 3, 
         parameter  : Form possibleCounts: 1..1 values: horizontal, 
         parameter  : Point possibleCounts: 1..1 values: main|180|50, 
         parameter  : DeltaSize possibleCounts: 0..1 values: 0|0, 
         parameter  : Comment possibleCounts: 0..1 values: 
         isInit     : true
         time       : 1388550600000
         isTempleate: false

command: createList
         remark     : generated by ProcessQueueAnimation and called by segmentanddrop
         parameter  : ListId possibleCounts: 1..1 values: AwaitingSegmentation@1, 
         parameter  : Name possibleCounts: 0..1 values: AwaitingSegmentation, 
         parameter  : DefaultEntityType possibleCounts: 1..1 values: Burst, 
         parameter  : NumberOfVisible possibleCounts: 1..1 values: 3, 
         parameter  : Form possibleCounts: 1..1 values: horizontal, 
         parameter  : Point possibleCounts: 1..1 values: main|880|50, 
         parameter  : DeltaSize possibleCounts: 0..1 values: 0|0, 
         parameter  : Comment possibleCounts: 0..1 values: 
         isInit     : true
         time       : 1388550600000
         isTempleate: false

command: createList
         remark     : generated by ProcessQueueAnimation and called by segmentanddrop
         parameter  : ListId possibleCounts: 1..1 values: IdleWaveLength-Node_0@0, 
         parameter  : Name possibleCounts: 0..1 values: IdleWaveLength-Node_0, 
         parameter  : DefaultEntityType possibleCounts: 1..1 values: WaveLength, 
         parameter  : NumberOfVisible possibleCounts: 1..1 values: 2, 
         parameter  : Form possibleCounts: 1..1 values: horizontal, 
         parameter  : Point possibleCounts: 1..1 values: main|0|-300, 
         parameter  : DeltaSize possibleCounts: 0..1 values: 0|0, 
         parameter  : Comment possibleCounts: 0..1 values: 
         isInit     : true
         time       : 1388550600000
         isTempleate: false

command: createList
         remark     : generated by ProcessQueueAnimation and called by segmentanddrop
         parameter  : ListId possibleCounts: 1..1 values: IdleWaveLength-Node_1@0, 
         parameter  : Name possibleCounts: 0..1 values: IdleWaveLength-Node_1, 
         parameter  : DefaultEntityType possibleCounts: 1..1 values: WaveLength, 
         parameter  : NumberOfVisible possibleCounts: 1..1 values: 2, 
         parameter  : Form possibleCounts: 1..1 values: horizontal, 
         parameter  : Point possibleCounts: 1..1 values: main|700|-300, 
         parameter  : DeltaSize possibleCounts: 0..1 values: 0|0, 
         parameter  : Comment possibleCounts: 0..1 values: 
         isInit     : true
         time       : 1388550600000
         isTempleate: false

command: createStock
         remark     : generated by StockAnimation and called by segmentanddrop
         parameter  : StockId possibleCounts: 1..1 values: NodeBlock0@0, 
         parameter  : Name possibleCounts: 0..1 values: NodeBlock0, 
         parameter  : Capacity possibleCounts: 1..1 values: 500, 
         parameter  : InitialUnits possibleCounts: 1..1 values: 250, 
         parameter  : Point possibleCounts: 1..1 values: main|0|-80, 
         parameter  : DefaultEntityType possibleCounts: 1..1 values: WaveLength, 
         parameter  : AnzVisible possibleCounts: 1..1 values: 1, 
         parameter  : Form possibleCounts: 1..1 values: vertikal, 
         parameter  : DeltaSize possibleCounts: 0..1 values: 0|0, 
         isInit     : true
         time       : 1388550600000
         isTempleate: false

command: createStock
         remark     : generated by StockAnimation and called by segmentanddrop
         parameter  : StockId possibleCounts: 1..1 values: NodeBlock1@0, 
         parameter  : Name possibleCounts: 0..1 values: NodeBlock1, 
         parameter  : Capacity possibleCounts: 1..1 values: 1000, 
         parameter  : InitialUnits possibleCounts: 1..1 values: 500, 
         parameter  : Point possibleCounts: 1..1 values: main|700|-80, 
         parameter  : DefaultEntityType possibleCounts: 1..1 values: WaveLength, 
         parameter  : AnzVisible possibleCounts: 1..1 values: 1, 
         parameter  : Form possibleCounts: 1..1 values: vertikal, 
         parameter  : DeltaSize possibleCounts: 0..1 values: 0|0, 
         isInit     : true
         time       : 1388550600000
         isTempleate: false

command: createStatistic
         remark     : generated by CountAnimation and called by segmentanddrop
         parameter  : StatisticId possibleCounts: 1..1 values: TotalBursts@0, 
         parameter  : Name possibleCounts: 0..1 values: TotalBursts, 
         parameter  : TypeData possibleCounts: 1..1 values: 0, 
         parameter  : TypeIndex possibleCounts: 1..1 values: 2, 
         parameter  : Aggregate possibleCounts: 0..1 values: , 
         parameter  : TimeBounds possibleCounts: 1..1 values: 1388550600000|1000, 
         parameter  : ValueBounds possibleCounts: 1..1 values: 0.0|1.0, 
         parameter  : HistogramCells possibleCounts: 1..1 values: 10, 
         parameter  : Point possibleCounts: 1..1 values: main|350|-400, 
         parameter  : TypeAnimation possibleCounts: 1..1 values: 0, 
         parameter  : IsIntValue possibleCounts: 0..1 values: , 
         parameter  : DeltaSize possibleCounts: 0..1 values: 0|0, 
         isInit     : true
         time       : 1388550600000
         isTempleate: false

command: setStatistic
         remark     : generated by CountAnimation and called by segmentanddrop
         parameter  : StatisticId possibleCounts: 1..1 values: TotalBursts@0, 
         parameter  : Value possibleCounts: 1..1 values: 0.0, 
         isInit     : true
         time       : 1388550600000
         isTempleate: false

command: createStatistic
         remark     : generated by CountAnimation and called by segmentanddrop
         parameter  : StatisticId possibleCounts: 1..1 values: AfterSegmentation@0, 
         parameter  : Name possibleCounts: 0..1 values: AfterSegmentation, 
         parameter  : TypeData possibleCounts: 1..1 values: 0, 
         parameter  : TypeIndex possibleCounts: 1..1 values: 2, 
         parameter  : Aggregate possibleCounts: 0..1 values: , 
         parameter  : TimeBounds possibleCounts: 1..1 values: 1388550600000|1000, 
         parameter  : ValueBounds possibleCounts: 1..1 values: 0.0|1.0, 
         parameter  : HistogramCells possibleCounts: 1..1 values: 10, 
         parameter  : Point possibleCounts: 1..1 values: main|450|-400, 
         parameter  : TypeAnimation possibleCounts: 1..1 values: 0, 
         parameter  : IsIntValue possibleCounts: 0..1 values: , 
         parameter  : DeltaSize possibleCounts: 0..1 values: 40|2, 
         isInit     : true
         time       : 1388550600000
         isTempleate: false

command: setStatistic
         remark     : generated by CountAnimation and called by segmentanddrop
         parameter  : StatisticId possibleCounts: 1..1 values: AfterSegmentation@0, 
         parameter  : Value possibleCounts: 1..1 values: 0.0, 
         isInit     : true
         time       : 1388550600000
         isTempleate: false

command: createStatistic
         remark     : generated by CountAnimation and called by segmentanddrop
         parameter  : StatisticId possibleCounts: 1..1 values: BurstsProcessed@0, 
         parameter  : Name possibleCounts: 0..1 values: BurstsProcessed, 
         parameter  : TypeData possibleCounts: 1..1 values: 0, 
         parameter  : TypeIndex possibleCounts: 1..1 values: 2, 
         parameter  : Aggregate possibleCounts: 0..1 values: , 
         parameter  : TimeBounds possibleCounts: 1..1 values: 1388550600000|1000, 
         parameter  : ValueBounds possibleCounts: 1..1 values: 0.0|1.0, 
         parameter  : HistogramCells possibleCounts: 1..1 values: 10, 
         parameter  : Point possibleCounts: 1..1 values: main|750|-400, 
         parameter  : TypeAnimation possibleCounts: 1..1 values: 0, 
         parameter  : IsIntValue possibleCounts: 0..1 values: , 
         parameter  : DeltaSize possibleCounts: 0..1 values: 0|0, 
         isInit     : true
         time       : 1388550600000
         isTempleate: false

command: setStatistic
         remark     : generated by CountAnimation and called by segmentanddrop
         parameter  : StatisticId possibleCounts: 1..1 values: BurstsProcessed@0, 
         parameter  : Value possibleCounts: 1..1 values: 0.0, 
         isInit     : true
         time       : 1388550600000
         isTempleate: false

command: createStatistic
         remark     : generated by CountAnimation and called by segmentanddrop
         parameter  : StatisticId possibleCounts: 1..1 values: Dropped Burst@0, 
         parameter  : Name possibleCounts: 0..1 values: Dropped Burst, 
         parameter  : TypeData possibleCounts: 1..1 values: 0, 
         parameter  : TypeIndex possibleCounts: 1..1 values: 2, 
         parameter  : Aggregate possibleCounts: 0..1 values: , 
         parameter  : TimeBounds possibleCounts: 1..1 values: 1388550600000|1000, 
         parameter  : ValueBounds possibleCounts: 1..1 values: 0.0|1.0, 
         parameter  : HistogramCells possibleCounts: 1..1 values: 10, 
         parameter  : Point possibleCounts: 1..1 values: main|670|-400, 
         parameter  : TypeAnimation possibleCounts: 1..1 values: 0, 
         parameter  : IsIntValue possibleCounts: 0..1 values: , 
         parameter  : DeltaSize possibleCounts: 0..1 values: 0|0, 
         isInit     : true
         time       : 1388550600000
         isTempleate: false

command: setStatistic
         remark     : generated by CountAnimation and called by segmentanddrop
         parameter  : StatisticId possibleCounts: 1..1 values: Dropped Burst@0, 
         parameter  : Value possibleCounts: 1..1 values: 0.0, 
         isInit     : true
         time       : 1388550600000
         isTempleate: false

command: createStatistic
         remark     : generated by CountAnimation and called by segmentanddrop
         parameter  : StatisticId possibleCounts: 1..1 values: BeforeSegmentation@0, 
         parameter  : Name possibleCounts: 0..1 values: BeforeSegmentation, 
         parameter  : TypeData possibleCounts: 1..1 values: 0, 
         parameter  : TypeIndex possibleCounts: 1..1 values: 2, 
         parameter  : Aggregate possibleCounts: 0..1 values: , 
         parameter  : TimeBounds possibleCounts: 1..1 values: 1388550600000|1000, 
         parameter  : ValueBounds possibleCounts: 1..1 values: 0.0|1.0, 
         parameter  : HistogramCells possibleCounts: 1..1 values: 10, 
         parameter  : Point possibleCounts: 1..1 values: main|570|-400, 
         parameter  : TypeAnimation possibleCounts: 1..1 values: 0, 
         parameter  : IsIntValue possibleCounts: 0..1 values: , 
         parameter  : DeltaSize possibleCounts: 0..1 values: 40|2, 
         isInit     : true
         time       : 1388550600000
         isTempleate: false

command: setStatistic
         remark     : generated by CountAnimation and called by segmentanddrop
         parameter  : StatisticId possibleCounts: 1..1 values: BeforeSegmentation@0, 
         parameter  : Value possibleCounts: 1..1 values: 0.0, 
         isInit     : true
         time       : 1388550600000
         isTempleate: false

command: createStatistic
         remark     : generated by CountAnimation and called by segmentanddrop
         parameter  : StatisticId possibleCounts: 1..1 values: PacketsProcessed@0, 
         parameter  : Name possibleCounts: 0..1 values: PacketsProcessed, 
         parameter  : TypeData possibleCounts: 1..1 values: 0, 
         parameter  : TypeIndex possibleCounts: 1..1 values: 2, 
         parameter  : Aggregate possibleCounts: 0..1 values: , 
         parameter  : TimeBounds possibleCounts: 1..1 values: 1388550600000|1000, 
         parameter  : ValueBounds possibleCounts: 1..1 values: 0.0|1.0, 
         parameter  : HistogramCells possibleCounts: 1..1 values: 10, 
         parameter  : Point possibleCounts: 1..1 values: main|830|-400, 
         parameter  : TypeAnimation possibleCounts: 1..1 values: 0, 
         parameter  : IsIntValue possibleCounts: 0..1 values: , 
         parameter  : DeltaSize possibleCounts: 0..1 values: 0|0, 
         isInit     : true
         time       : 1388550600000
         isTempleate: false

command: setStatistic
         remark     : generated by CountAnimation and called by segmentanddrop
         parameter  : StatisticId possibleCounts: 1..1 values: PacketsProcessed@0, 
         parameter  : Value possibleCounts: 1..1 values: 0.0, 
         isInit     : true
         time       : 1388550600000
         isTempleate: false

command: createList
         remark     : generated by ProcessQueueAnimation and called by segmentanddrop
         parameter  : ListId possibleCounts: 1..1 values: ActiveWavelength-Node_0@0, 
         parameter  : Name possibleCounts: 0..1 values: ActiveWavelength-Node_0, 
         parameter  : DefaultEntityType possibleCounts: 1..1 values: WaveLength, 
         parameter  : NumberOfVisible possibleCounts: 1..1 values: 2, 
         parameter  : Form possibleCounts: 1..1 values: horizontal, 
         parameter  : Point possibleCounts: 1..1 values: main|0|-210, 
         parameter  : DeltaSize possibleCounts: 0..1 values: 1|1, 
         parameter  : Comment possibleCounts: 0..1 values: 
         isInit     : true
         time       : 1388550600000
         isTempleate: false

command: createList
         remark     : generated by ProcessQueueAnimation and called by segmentanddrop
         parameter  : ListId possibleCounts: 1..1 values: ActiveWavelength-Node_1@0, 
         parameter  : Name possibleCounts: 0..1 values: ActiveWavelength-Node_1, 
         parameter  : DefaultEntityType possibleCounts: 1..1 values: WaveLength, 
         parameter  : NumberOfVisible possibleCounts: 1..1 values: 2, 
         parameter  : Form possibleCounts: 1..1 values: horizontal, 
         parameter  : Point possibleCounts: 1..1 values: main|700|-210, 
         parameter  : DeltaSize possibleCounts: 0..1 values: 1|1, 
         parameter  : Comment possibleCounts: 0..1 values: 
         isInit     : true
         time       : 1388550600000
         isTempleate: false

command: createStation
         remark     : generated by TransportStationAnimation and called by segmentanddrop
         parameter  : StationId possibleCounts: 1..1 values: Arrival Source@0, 
         parameter  : Name possibleCounts: 0..1 values: Arrival Source, 
         parameter  : Point possibleCounts: 1..1 values: main|400|50, 
         isInit     : true
         time       : 1388550600000
         isTempleate: false

command: createStation
         remark     : generated by TransportStationAnimation and called by segmentanddrop
         parameter  : StationId possibleCounts: 1..1 values: Arrival Sink Node0@0, 
         parameter  : Name possibleCounts: 0..1 values: Arrival Sink Node0, 
         parameter  : Point possibleCounts: 1..1 values: main|-30|110, 
         isInit     : true
         time       : 1388550600000
         isTempleate: false

command: createStation
         remark     : generated by TransportStationAnimation and called by segmentanddrop
         parameter  : StationId possibleCounts: 1..1 values: Arrival Sink Node1@0, 
         parameter  : Name possibleCounts: 0..1 values: Arrival Sink Node1, 
         parameter  : Point possibleCounts: 1..1 values: main|800|110, 
         isInit     : true
         time       : 1388550600000
         isTempleate: false

command: createRoute
         remark     : generated by TransportRouteAnimation and called by segmentanddrop
         parameter  : RouteId possibleCounts: 1..1 values: Arrival Route@0, 
         parameter  : Name possibleCounts: 0..1 values: Arrival Route, 
         parameter  : Length possibleCounts: 1..1 values: 1.0, 
         parameter  : SourceStationId possibleCounts: 1..1 values: Arrival Source@0, 
         parameter  : SinkStationId possibleCounts: 1..1 values: Arrival Sink Node0@0, 
         parameter  : Point possibleCounts: 0..inf values: 400|110, 400|110, 
         parameter  : Show possibleCounts: 1..1 values: 15, 
         parameter  : Color possibleCounts: 0..1 values: 0|0|0, 
         parameter  : LineSize possibleCounts: 0..1 values: 1, 
         isInit     : true
         time       : 1388550600000
         isTempleate: false

command: createRoute
         remark     : generated by TransportRouteAnimation and called by segmentanddrop
         parameter  : RouteId possibleCounts: 1..1 values: Arrival Route@1, 
         parameter  : Name possibleCounts: 0..1 values: Arrival Route, 
         parameter  : Length possibleCounts: 1..1 values: 1.0, 
         parameter  : SourceStationId possibleCounts: 1..1 values: Arrival Source@0, 
         parameter  : SinkStationId possibleCounts: 1..1 values: Arrival Sink Node1@0, 
         parameter  : Point possibleCounts: 0..inf values: 400|110, 400|110, 
         parameter  : Show possibleCounts: 1..1 values: 15, 
         parameter  : Color possibleCounts: 0..1 values: 0|0|0, 
         parameter  : LineSize possibleCounts: 0..1 values: 1, 
         isInit     : true
         time       : 1388550600000
         isTempleate: false

command: createStation
         remark     : generated by TransportStationAnimation and called by segmentanddrop
         parameter  : StationId possibleCounts: 1..1 values: Deflection(source:node0)@0, 
         parameter  : Name possibleCounts: 0..1 values: Deflection(source:node0), 
         parameter  : Point possibleCounts: 1..1 values: main|180|270, 
         isInit     : true
         time       : 1388550600000
         isTempleate: false

command: createStation
         remark     : generated by TransportStationAnimation and called by segmentanddrop
         parameter  : StationId possibleCounts: 1..1 values: Deflection(dest:node1)@0, 
         parameter  : Name possibleCounts: 0..1 values: Deflection(dest:node1), 
         parameter  : Point possibleCounts: 1..1 values: main|530|270, 
         isInit     : true
         time       : 1388550600000
         isTempleate: false

command: createRoute
         remark     : generated by TransportRouteAnimation and called by segmentanddrop
         parameter  : RouteId possibleCounts: 1..1 values: Deflect(node0>node1)@0, 
         parameter  : Name possibleCounts: 0..1 values: Deflect(node0>node1), 
         parameter  : Length possibleCounts: 1..1 values: 1.0, 
         parameter  : SourceStationId possibleCounts: 1..1 values: Deflection(source:node0)@0, 
         parameter  : SinkStationId possibleCounts: 1..1 values: Deflection(dest:node1)@0, 
         parameter  : Point possibleCounts: 0..inf values: 180|270, 180|270, 
         parameter  : Show possibleCounts: 1..1 values: 15, 
         parameter  : Color possibleCounts: 0..1 values: 0|0|0, 
         parameter  : LineSize possibleCounts: 0..1 values: 1, 
         isInit     : true
         time       : 1388550600000
         isTempleate: false

command: createStation
         remark     : generated by TransportStationAnimation and called by segmentanddrop
         parameter  : StationId possibleCounts: 1..1 values: Deflection(source:node1)@0, 
         parameter  : Name possibleCounts: 0..1 values: Deflection(source:node1), 
         parameter  : Point possibleCounts: 1..1 values: main|530|320, 
         isInit     : true
         time       : 1388550600000
         isTempleate: false

command: createStation
         remark     : generated by TransportStationAnimation and called by segmentanddrop
         parameter  : StationId possibleCounts: 1..1 values: Deflection(dest:node0)@0, 
         parameter  : Name possibleCounts: 0..1 values: Deflection(dest:node0), 
         parameter  : Point possibleCounts: 1..1 values: main|180|320, 
         isInit     : true
         time       : 1388550600000
         isTempleate: false

command: createRoute
         remark     : generated by TransportRouteAnimation and called by segmentanddrop
         parameter  : RouteId possibleCounts: 1..1 values: Deflect(node0>node1)@1, 
         parameter  : Name possibleCounts: 0..1 values: Deflect(node0>node1), 
         parameter  : Length possibleCounts: 1..1 values: 1.0, 
         parameter  : SourceStationId possibleCounts: 1..1 values: Deflection(source:node1)@0, 
         parameter  : SinkStationId possibleCounts: 1..1 values: Deflection(dest:node0)@0, 
         parameter  : Point possibleCounts: 0..inf values: 530|320, 530|320, 
         parameter  : Show possibleCounts: 1..1 values: 15, 
         parameter  : Color possibleCounts: 0..1 values: 0|0|0, 
         parameter  : LineSize possibleCounts: 0..1 values: 1, 
         isInit     : true
         time       : 1388550600000
         isTempleate: false

command: createStation
         remark     : generated by TransportStationAnimation and called by segmentanddrop
         parameter  : StationId possibleCounts: 1..1 values: Departure Source@0, 
         parameter  : Name possibleCounts: 0..1 values: Departure Source, 
         parameter  : Point possibleCounts: 1..1 values: main|200|-30, 
         isInit     : true
         time       : 1388550600000
         isTempleate: false

command: createStation
         remark     : generated by TransportStationAnimation and called by segmentanddrop
         parameter  : StationId possibleCounts: 1..1 values: Departure Sink@0, 
         parameter  : Name possibleCounts: 0..1 values: Departure Sink, 
         parameter  : Point possibleCounts: 1..1 values: main|200|-230, 
         isInit     : true
         time       : 1388550600000
         isTempleate: false

command: createRoute
         remark     : generated by TransportRouteAnimation and called by segmentanddrop
         parameter  : RouteId possibleCounts: 1..1 values: Departure Route@0, 
         parameter  : Name possibleCounts: 0..1 values: Departure Route, 
         parameter  : Length possibleCounts: 1..1 values: 1.0, 
         parameter  : SourceStationId possibleCounts: 1..1 values: Departure Source@0, 
         parameter  : SinkStationId possibleCounts: 1..1 values: Departure Sink@0, 
         parameter  : Point possibleCounts: 0..inf values: 200|-30, 200|-30, 
         parameter  : Show possibleCounts: 1..1 values: 15, 
         parameter  : Color possibleCounts: 0..1 values: 0|0|0, 
         parameter  : LineSize possibleCounts: 0..1 values: 1, 
         isInit     : true
         time       : 1388550600000
         isTempleate: false

command: createStation
         remark     : generated by TransportStationAnimation and called by segmentanddrop
         parameter  : StationId possibleCounts: 1..1 values: Dropped Burst Source@0, 
         parameter  : Name possibleCounts: 0..1 values: Dropped Burst Source, 
         parameter  : Point possibleCounts: 1..1 values: main|500|-30, 
         isInit     : true
         time       : 1388550600000
         isTempleate: false

command: createStation
         remark     : generated by TransportStationAnimation and called by segmentanddrop
         parameter  : StationId possibleCounts: 1..1 values: Dropped Burst Sink@0, 
         parameter  : Name possibleCounts: 0..1 values: Dropped Burst Sink, 
         parameter  : Point possibleCounts: 1..1 values: main|500|-230, 
         isInit     : true
         time       : 1388550600000
         isTempleate: false

command: createRoute
         remark     : generated by TransportRouteAnimation and called by segmentanddrop
         parameter  : RouteId possibleCounts: 1..1 values: Dropped Burst Route@0, 
         parameter  : Name possibleCounts: 0..1 values: Dropped Burst Route, 
         parameter  : Length possibleCounts: 1..1 values: 1.0, 
         parameter  : SourceStationId possibleCounts: 1..1 values: Dropped Burst Source@0, 
         parameter  : SinkStationId possibleCounts: 1..1 values: Dropped Burst Sink@0, 
         parameter  : Point possibleCounts: 0..inf values: 500|-30, 500|-30, 
         parameter  : Show possibleCounts: 1..1 values: 15, 
         parameter  : Color possibleCounts: 0..1 values: 0|0|0, 
         parameter  : LineSize possibleCounts: 0..1 values: 1, 
         isInit     : true
         time       : 1388550600000
         isTempleate: false

command: createList
         remark     : generated by ProcessQueueAnimation and called by segmentanddrop
         parameter  : ListId possibleCounts: 1..1 values: ProcessedBursts(O/P)@0, 
         parameter  : Name possibleCounts: 0..1 values: ProcessedBursts(O/P), 
         parameter  : DefaultEntityType possibleCounts: 1..1 values: Burst, 
         parameter  : NumberOfVisible possibleCounts: 1..1 values: 1, 
         parameter  : Form possibleCounts: 1..1 values: horizontal, 
         parameter  : Point possibleCounts: 1..1 values: main|200|-300, 
         parameter  : DeltaSize possibleCounts: 0..1 values: 90|1, 
         parameter  : Comment possibleCounts: 0..1 values: 
         isInit     : true
         time       : 1388550600000
         isTempleate: false

command: createList
         remark     : generated by ProcessQueueAnimation and called by segmentanddrop
         parameter  : ListId possibleCounts: 1..1 values: DroppedBursts(O/P)@0, 
         parameter  : Name possibleCounts: 0..1 values: DroppedBursts(O/P), 
         parameter  : DefaultEntityType possibleCounts: 1..1 values: Burst, 
         parameter  : NumberOfVisible possibleCounts: 1..1 values: 1, 
         parameter  : Form possibleCounts: 1..1 values: horizontal, 
         parameter  : Point possibleCounts: 1..1 values: main|500|-300, 
         parameter  : DeltaSize possibleCounts: 0..1 values: 90|1, 
         parameter  : Comment possibleCounts: 0..1 values: 
         isInit     : true
         time       : 1388550600000
         isTempleate: false

command: resetStatistic
         remark     : generated by CountAnimation and called by segmentanddrop
         parameter  : StatisticId possibleCounts: 1..1 values: TotalBursts@0, 
         isInit     : true
         time       : 1388550600000
         isTempleate: false

command: resetStatistic
         remark     : generated by CountAnimation and called by segmentanddrop
         parameter  : StatisticId possibleCounts: 1..1 values: AfterSegmentation@0, 
         isInit     : true
         time       : 1388550600000
         isTempleate: false

command: resetStatistic
         remark     : generated by CountAnimation and called by segmentanddrop
         parameter  : StatisticId possibleCounts: 1..1 values: BurstsProcessed@0, 
         isInit     : true
         time       : 1388550600000
         isTempleate: false

command: resetStatistic
         remark     : generated by CountAnimation and called by segmentanddrop
         parameter  : StatisticId possibleCounts: 1..1 values: Dropped Burst@0, 
         isInit     : true
         time       : 1388550600000
         isTempleate: false

command: resetStatistic
         remark     : generated by CountAnimation and called by segmentanddrop
         parameter  : StatisticId possibleCounts: 1..1 values: BeforeSegmentation@0, 
         isInit     : true
         time       : 1388550600000
         isTempleate: false

command: resetStatistic
         remark     : generated by CountAnimation and called by segmentanddrop
         parameter  : StatisticId possibleCounts: 1..1 values: PacketsProcessed@0, 
         isInit     : true
         time       : 1388550600000
         isTempleate: false

command: createSimTimeBounds
         remark     : erzeugt in CmdGeneration.experimentStart
         parameter  : Begin possibleCounts: 1..1 values: 1388550600000, 
         parameter  : End possibleCounts: 0..1 values: 1388637000000, 
         parameter  : TimeZone possibleCounts: 0..1 values: Asia/Calcutta, 
         parameter  : Speed possibleCounts: 1..1 values: 10.0, 
         isInit     : true
         time       : 1388550600000
         isTempleate: false

command: resetStatistic
         remark     : generated by CountAnimation and called by segmentanddrop
         parameter  : StatisticId possibleCounts: 1..1 values: TotalBursts@0, 
         isInit     : false
         time       : 1388550600000
         isTempleate: false

command: resetStatistic
         remark     : generated by CountAnimation and called by segmentanddrop
         parameter  : StatisticId possibleCounts: 1..1 values: AfterSegmentation@0, 
         isInit     : false
         time       : 1388550600000
         isTempleate: false

command: resetStatistic
         remark     : generated by CountAnimation and called by segmentanddrop
         parameter  : StatisticId possibleCounts: 1..1 values: BurstsProcessed@0, 
         isInit     : false
         time       : 1388550600000
         isTempleate: false

command: resetStatistic
         remark     : generated by CountAnimation and called by segmentanddrop
         parameter  : StatisticId possibleCounts: 1..1 values: Dropped Burst@0, 
         isInit     : false
         time       : 1388550600000
         isTempleate: false

command: resetStatistic
         remark     : generated by CountAnimation and called by segmentanddrop
         parameter  : StatisticId possibleCounts: 1..1 values: BeforeSegmentation@0, 
         isInit     : false
         time       : 1388550600000
         isTempleate: false

command: resetStatistic
         remark     : generated by CountAnimation and called by segmentanddrop
         parameter  : StatisticId possibleCounts: 1..1 values: PacketsProcessed@0, 
         isInit     : false
         time       : 1388550600000
         isTempleate: false

command: createEntity
         remark     : generated by SimProcessAnimation and called by segmentanddrop
         parameter  : EntityId possibleCounts: 1..1 values: WL#1, 
         parameter  : Name possibleCounts: 0..1 values: 
         parameter  : EntityTypeId possibleCounts: 1..1 values: WaveLength, 
         parameter  : Velocity possibleCounts: 0..1 values: 
         parameter  : State possibleCounts: 1..1 values: active, 
         parameter  : Attribute possibleCounts: 0..inf values: 
         parameter  : Position possibleCounts: 0..1 values: 
         isInit     : false
         time       : 1388550600000
         isTempleate: false

command: setEntity
         remark     : generated by SimProcessAnimation and called by segmentanddrop
         parameter  : EntityId possibleCounts: 1..1 values: WL#1, 
         parameter  : Velocity possibleCounts: 0..1 values: 
         parameter  : State possibleCounts: 0..1 values: 
         parameter  : Attribute possibleCounts: 0..inf values: name|WL#1, 
         isInit     : false
         time       : 1388550600000
         isTempleate: false

command: createEntity
         remark     : generated by SimProcessAnimation and called by segmentanddrop
         parameter  : EntityId possibleCounts: 1..1 values: WL#2, 
         parameter  : Name possibleCounts: 0..1 values: 
         parameter  : EntityTypeId possibleCounts: 1..1 values: WaveLength, 
         parameter  : Velocity possibleCounts: 0..1 values: 
         parameter  : State possibleCounts: 1..1 values: active, 
         parameter  : Attribute possibleCounts: 0..inf values: 
         parameter  : Position possibleCounts: 0..1 values: 
         isInit     : false
         time       : 1388550600000
         isTempleate: false

command: setEntity
         remark     : generated by SimProcessAnimation and called by segmentanddrop
         parameter  : EntityId possibleCounts: 1..1 values: WL#2, 
         parameter  : Velocity possibleCounts: 0..1 values: 
         parameter  : State possibleCounts: 0..1 values: 
         parameter  : Attribute possibleCounts: 0..inf values: name|WL#2, 
         isInit     : false
         time       : 1388550600000
         isTempleate: false

command: createEntity
         remark     : generated by SimProcessAnimation and called by segmentanddrop
         parameter  : EntityId possibleCounts: 1..1 values: WL#3, 
         parameter  : Name possibleCounts: 0..1 values: 
         parameter  : EntityTypeId possibleCounts: 1..1 values: WaveLength, 
         parameter  : Velocity possibleCounts: 0..1 values: 
         parameter  : State possibleCounts: 1..1 values: active, 
         parameter  : Attribute possibleCounts: 0..inf values: 
         parameter  : Position possibleCounts: 0..1 values: 
         isInit     : false
         time       : 1388550600000
         isTempleate: false

command: setEntity
         remark     : generated by SimProcessAnimation and called by segmentanddrop
         parameter  : EntityId possibleCounts: 1..1 values: WL#3, 
         parameter  : Velocity possibleCounts: 0..1 values: 
         parameter  : State possibleCounts: 0..1 values: 
         parameter  : Attribute possibleCounts: 0..inf values: name|WL#3, 
         isInit     : false
         time       : 1388550600000
         isTempleate: false

command: createEntity
         remark     : generated by SimProcessAnimation and called by segmentanddrop
         parameter  : EntityId possibleCounts: 1..1 values: WL#4, 
         parameter  : Name possibleCounts: 0..1 values: 
         parameter  : EntityTypeId possibleCounts: 1..1 values: WaveLength, 
         parameter  : Velocity possibleCounts: 0..1 values: 
         parameter  : State possibleCounts: 1..1 values: active, 
         parameter  : Attribute possibleCounts: 0..inf values: 
         parameter  : Position possibleCounts: 0..1 values: 
         isInit     : false
         time       : 1388550600000
         isTempleate: false

command: setEntity
         remark     : generated by SimProcessAnimation and called by segmentanddrop
         parameter  : EntityId possibleCounts: 1..1 values: WL#4, 
         parameter  : Velocity possibleCounts: 0..1 values: 
         parameter  : State possibleCounts: 0..1 values: 
         parameter  : Attribute possibleCounts: 0..inf values: name|WL#4, 
         isInit     : false
         time       : 1388550600000
         isTempleate: false

command: setList
         remark     : generated by QueueAnimation and called by WL#1
         parameter  : ListId possibleCounts: 1..1 values: IdleWaveLength-Node_0@0, 
         parameter  : AddEntity possibleCounts: 0..inf values: WL#1|0|last, 
         parameter  : AddEntityAfter possibleCounts: 0..inf values: 
         parameter  : AddEntityBefore possibleCounts: 0..inf values: 
         parameter  : RemoveEntity possibleCounts: 0..inf values: 
         parameter  : RemoveAll possibleCounts: 0..1 values: 
         isInit     : false
         time       : 1388550600000
         isTempleate: false

command: setList
         remark     : generated by QueueAnimation and called by WL#2
         parameter  : ListId possibleCounts: 1..1 values: IdleWaveLength-Node_0@0, 
         parameter  : AddEntity possibleCounts: 0..inf values: WL#2|0|last, 
         parameter  : AddEntityAfter possibleCounts: 0..inf values: 
         parameter  : AddEntityBefore possibleCounts: 0..inf values: 
         parameter  : RemoveEntity possibleCounts: 0..inf values: 
         parameter  : RemoveAll possibleCounts: 0..1 values: 
         isInit     : false
         time       : 1388550600000
         isTempleate: false

command: setList
         remark     : generated by QueueAnimation and called by WL#3
         parameter  : ListId possibleCounts: 1..1 values: IdleWaveLength-Node_1@0, 
         parameter  : AddEntity possibleCounts: 0..inf values: WL#3|0|last, 
         parameter  : AddEntityAfter possibleCounts: 0..inf values: 
         parameter  : AddEntityBefore possibleCounts: 0..inf values: 
         parameter  : RemoveEntity possibleCounts: 0..inf values: 
         parameter  : RemoveAll possibleCounts: 0..1 values: 
         isInit     : false
         time       : 1388550600000
         isTempleate: false

command: setList
         remark     : generated by QueueAnimation and called by WL#4
         parameter  : ListId possibleCounts: 1..1 values: IdleWaveLength-Node_1@0, 
         parameter  : AddEntity possibleCounts: 0..inf values: WL#4|0|last, 
         parameter  : AddEntityAfter possibleCounts: 0..inf values: 
         parameter  : AddEntityBefore possibleCounts: 0..inf values: 
         parameter  : RemoveEntity possibleCounts: 0..inf values: 
         parameter  : RemoveAll possibleCounts: 0..1 values: 
         isInit     : false
         time       : 1388550600000
         isTempleate: false

